<?xml version="1.0" encoding="UTF-8"?>
<robot generator="Robot 6.1.1 (Python 3.11.6 on darwin)" generated="20231111 20:48:44.522" rpa="false" schemaversion="4">
<suite id="s1" name="Tests" source="/Users/oskar/ohjelmistotuotanto-palautukset/viikko3/web-login/src/tests">
<suite id="s1-s1" name="Home" source="/Users/oskar/ohjelmistotuotanto-palautukset/viikko3/web-login/src/tests/home.robot">
<kw name="Open And Configure Browser" library="resource" type="SETUP">
<kw name="Evaluate" library="BuiltIn">
<var>${options}</var>
<arg>sys.modules['selenium.webdriver'].ChromeOptions()</arg>
<arg>sys</arg>
<doc>Evaluates the given expression in Python and returns the result.</doc>
<msg timestamp="20231111 20:48:44.596" level="INFO">${options} = &lt;selenium.webdriver.chrome.options.Options object at 0x103092410&gt;</msg>
<status status="PASS" starttime="20231111 20:48:44.596" endtime="20231111 20:48:44.596"/>
</kw>
<kw name="Call Method" library="BuiltIn">
<arg>${options}</arg>
<arg>add_argument</arg>
<arg>--no-sandbox</arg>
<doc>Calls the named method of the given object with the provided arguments.</doc>
<status status="PASS" starttime="20231111 20:48:44.596" endtime="20231111 20:48:44.596"/>
</kw>
<kw name="Call Method" library="BuiltIn">
<arg>${options}</arg>
<arg>add_argument</arg>
<arg>--headless</arg>
<doc>Calls the named method of the given object with the provided arguments.</doc>
<status status="PASS" starttime="20231111 20:48:44.596" endtime="20231111 20:48:44.596"/>
</kw>
<kw name="Open Browser" library="SeleniumLibrary">
<arg>browser=chrome</arg>
<arg>options=${options}</arg>
<doc>Opens a new browser instance to the optional ``url``.</doc>
<msg timestamp="20231111 20:48:44.597" level="INFO">Opening browser 'chrome' to base url 'None'.</msg>
<status status="PASS" starttime="20231111 20:48:44.596" endtime="20231111 20:48:45.388"/>
</kw>
<kw name="Set Selenium Speed" library="SeleniumLibrary">
<arg>${DELAY}</arg>
<doc>Sets the delay that is waited after each Selenium command.</doc>
<status status="PASS" starttime="20231111 20:48:45.388" endtime="20231111 20:48:45.388"/>
</kw>
<status status="PASS" starttime="20231111 20:48:44.596" endtime="20231111 20:48:45.388"/>
</kw>
<test id="s1-s1-t1" name="Click Login Link" line="8">
<kw name="Go To Main Page" library="resource" type="SETUP">
<kw name="Go To" library="SeleniumLibrary">
<arg>${ROOT_URL}</arg>
<doc>Navigates the current browser window to the provided ``url``.</doc>
<msg timestamp="20231111 20:48:45.390" level="INFO">Opening url 'http://localhost:5001/'</msg>
<status status="PASS" starttime="20231111 20:48:45.389" endtime="20231111 20:48:45.448"/>
</kw>
<status status="PASS" starttime="20231111 20:48:45.389" endtime="20231111 20:48:45.448"/>
</kw>
<kw name="Click Link" library="SeleniumLibrary">
<arg>Login</arg>
<doc>Clicks a link identified by ``locator``.</doc>
<msg timestamp="20231111 20:48:45.448" level="INFO">Clicking link 'Login'.</msg>
<status status="PASS" starttime="20231111 20:48:45.448" endtime="20231111 20:48:45.489"/>
</kw>
<kw name="Login Page Should Be Open" library="resource">
<kw name="Title Should Be" library="SeleniumLibrary">
<arg>Login</arg>
<doc>Verifies that the current page title equals ``title``.</doc>
<msg timestamp="20231111 20:48:45.491" level="INFO">Page title is 'Login'.</msg>
<status status="PASS" starttime="20231111 20:48:45.489" endtime="20231111 20:48:45.491"/>
</kw>
<status status="PASS" starttime="20231111 20:48:45.489" endtime="20231111 20:48:45.491"/>
</kw>
<status status="PASS" starttime="20231111 20:48:45.389" endtime="20231111 20:48:45.491"/>
</test>
<test id="s1-s1-t2" name="Click Register Link" line="12">
<kw name="Go To Main Page" library="resource" type="SETUP">
<kw name="Go To" library="SeleniumLibrary">
<arg>${ROOT_URL}</arg>
<doc>Navigates the current browser window to the provided ``url``.</doc>
<msg timestamp="20231111 20:48:45.491" level="INFO">Opening url 'http://localhost:5001/'</msg>
<status status="PASS" starttime="20231111 20:48:45.491" endtime="20231111 20:48:45.497"/>
</kw>
<status status="PASS" starttime="20231111 20:48:45.491" endtime="20231111 20:48:45.497"/>
</kw>
<kw name="Click Link" library="SeleniumLibrary">
<arg>Register new user</arg>
<doc>Clicks a link identified by ``locator``.</doc>
<msg timestamp="20231111 20:48:45.497" level="INFO">Clicking link 'Register new user'.</msg>
<status status="PASS" starttime="20231111 20:48:45.497" endtime="20231111 20:48:45.522"/>
</kw>
<kw name="Register Page Should Be Open" library="resource">
<kw name="Title Should Be" library="SeleniumLibrary">
<arg>Register</arg>
<doc>Verifies that the current page title equals ``title``.</doc>
<msg timestamp="20231111 20:48:45.523" level="INFO">Page title is 'Register'.</msg>
<status status="PASS" starttime="20231111 20:48:45.522" endtime="20231111 20:48:45.523"/>
</kw>
<status status="PASS" starttime="20231111 20:48:45.522" endtime="20231111 20:48:45.523"/>
</kw>
<status status="PASS" starttime="20231111 20:48:45.491" endtime="20231111 20:48:45.524"/>
</test>
<kw name="Close Browser" library="SeleniumLibrary" type="TEARDOWN">
<doc>Closes the current browser.</doc>
<status status="PASS" starttime="20231111 20:48:45.524" endtime="20231111 20:48:45.582"/>
</kw>
<status status="PASS" starttime="20231111 20:48:44.530" endtime="20231111 20:48:45.582"/>
</suite>
<suite id="s1-s2" name="Login" source="/Users/oskar/ohjelmistotuotanto-palautukset/viikko3/web-login/src/tests/login.robot">
<kw name="Open And Configure Browser" library="resource" type="SETUP">
<kw name="Evaluate" library="BuiltIn">
<var>${options}</var>
<arg>sys.modules['selenium.webdriver'].ChromeOptions()</arg>
<arg>sys</arg>
<doc>Evaluates the given expression in Python and returns the result.</doc>
<msg timestamp="20231111 20:48:45.585" level="INFO">${options} = &lt;selenium.webdriver.chrome.options.Options object at 0x1030cd550&gt;</msg>
<status status="PASS" starttime="20231111 20:48:45.585" endtime="20231111 20:48:45.585"/>
</kw>
<kw name="Call Method" library="BuiltIn">
<arg>${options}</arg>
<arg>add_argument</arg>
<arg>--no-sandbox</arg>
<doc>Calls the named method of the given object with the provided arguments.</doc>
<status status="PASS" starttime="20231111 20:48:45.585" endtime="20231111 20:48:45.585"/>
</kw>
<kw name="Call Method" library="BuiltIn">
<arg>${options}</arg>
<arg>add_argument</arg>
<arg>--headless</arg>
<doc>Calls the named method of the given object with the provided arguments.</doc>
<status status="PASS" starttime="20231111 20:48:45.585" endtime="20231111 20:48:45.585"/>
</kw>
<kw name="Open Browser" library="SeleniumLibrary">
<arg>browser=chrome</arg>
<arg>options=${options}</arg>
<doc>Opens a new browser instance to the optional ``url``.</doc>
<msg timestamp="20231111 20:48:45.585" level="INFO">Opening browser 'chrome' to base url 'None'.</msg>
<status status="PASS" starttime="20231111 20:48:45.585" endtime="20231111 20:48:46.342"/>
</kw>
<kw name="Set Selenium Speed" library="SeleniumLibrary">
<arg>${DELAY}</arg>
<doc>Sets the delay that is waited after each Selenium command.</doc>
<status status="PASS" starttime="20231111 20:48:46.342" endtime="20231111 20:48:46.342"/>
</kw>
<status status="PASS" starttime="20231111 20:48:45.584" endtime="20231111 20:48:46.342"/>
</kw>
<test id="s1-s2-t1" name="Login With Correct Credentials" line="8">
<kw name="Create User And Go To Login Page" type="SETUP">
<kw name="Create User" library="AppLibrary">
<arg>kalle</arg>
<arg>kalle123</arg>
<status status="PASS" starttime="20231111 20:48:46.343" endtime="20231111 20:48:46.347"/>
</kw>
<kw name="Go To Login Page" library="resource">
<kw name="Go To" library="SeleniumLibrary">
<arg>${LOGIN_URL}</arg>
<doc>Navigates the current browser window to the provided ``url``.</doc>
<msg timestamp="20231111 20:48:46.348" level="INFO">Opening url 'http://localhost:5001/login'</msg>
<status status="PASS" starttime="20231111 20:48:46.348" endtime="20231111 20:48:46.404"/>
</kw>
<status status="PASS" starttime="20231111 20:48:46.348" endtime="20231111 20:48:46.404"/>
</kw>
<kw name="Login Page Should Be Open" library="resource">
<kw name="Title Should Be" library="SeleniumLibrary">
<arg>Login</arg>
<doc>Verifies that the current page title equals ``title``.</doc>
<msg timestamp="20231111 20:48:46.407" level="INFO">Page title is 'Login'.</msg>
<status status="PASS" starttime="20231111 20:48:46.404" endtime="20231111 20:48:46.407"/>
</kw>
<status status="PASS" starttime="20231111 20:48:46.404" endtime="20231111 20:48:46.407"/>
</kw>
<status status="PASS" starttime="20231111 20:48:46.342" endtime="20231111 20:48:46.407"/>
</kw>
<kw name="Set Username">
<arg>kalle</arg>
<kw name="Input Text" library="SeleniumLibrary">
<arg>username</arg>
<arg>${username}</arg>
<doc>Types the given ``text`` into the text field identified by ``locator``.</doc>
<msg timestamp="20231111 20:48:46.408" level="INFO">Typing text 'kalle' into text field 'username'.</msg>
<status status="PASS" starttime="20231111 20:48:46.407" endtime="20231111 20:48:46.483"/>
</kw>
<status status="PASS" starttime="20231111 20:48:46.407" endtime="20231111 20:48:46.483"/>
</kw>
<kw name="Set Password">
<arg>kalle123</arg>
<kw name="Input Password" library="SeleniumLibrary">
<arg>password</arg>
<arg>${password}</arg>
<doc>Types the given password into the text field identified by ``locator``.</doc>
<msg timestamp="20231111 20:48:46.483" level="INFO">Typing password into text field 'password'.</msg>
<msg timestamp="20231111 20:48:46.499" level="INFO">Temporally setting log level to: NONE</msg>
<msg timestamp="20231111 20:48:46.561" level="INFO">Log level changed from NONE to INFO.</msg>
<status status="PASS" starttime="20231111 20:48:46.483" endtime="20231111 20:48:46.561"/>
</kw>
<status status="PASS" starttime="20231111 20:48:46.483" endtime="20231111 20:48:46.561"/>
</kw>
<kw name="Submit Credentials">
<kw name="Click Button" library="SeleniumLibrary">
<arg>Login</arg>
<doc>Clicks the button identified by ``locator``.</doc>
<msg timestamp="20231111 20:48:46.562" level="INFO">Clicking button 'Login'.</msg>
<status status="PASS" starttime="20231111 20:48:46.561" endtime="20231111 20:48:46.594"/>
</kw>
<status status="PASS" starttime="20231111 20:48:46.561" endtime="20231111 20:48:46.594"/>
</kw>
<kw name="Login Should Succeed">
<kw name="Main Page Should Be Open" library="resource">
<kw name="Title Should Be" library="SeleniumLibrary">
<arg>Ohtu Application main page</arg>
<doc>Verifies that the current page title equals ``title``.</doc>
<msg timestamp="20231111 20:48:46.596" level="INFO">Page title is 'Ohtu Application main page'.</msg>
<status status="PASS" starttime="20231111 20:48:46.594" endtime="20231111 20:48:46.596"/>
</kw>
<status status="PASS" starttime="20231111 20:48:46.594" endtime="20231111 20:48:46.596"/>
</kw>
<status status="PASS" starttime="20231111 20:48:46.594" endtime="20231111 20:48:46.596"/>
</kw>
<status status="PASS" starttime="20231111 20:48:46.342" endtime="20231111 20:48:46.596"/>
</test>
<test id="s1-s2-t2" name="Login With Incorrect Password" line="14">
<kw name="Create User And Go To Login Page" type="SETUP">
<kw name="Create User" library="AppLibrary">
<arg>kalle</arg>
<arg>kalle123</arg>
<status status="PASS" starttime="20231111 20:48:46.596" endtime="20231111 20:48:46.601"/>
</kw>
<kw name="Go To Login Page" library="resource">
<kw name="Go To" library="SeleniumLibrary">
<arg>${LOGIN_URL}</arg>
<doc>Navigates the current browser window to the provided ``url``.</doc>
<msg timestamp="20231111 20:48:46.602" level="INFO">Opening url 'http://localhost:5001/login'</msg>
<status status="PASS" starttime="20231111 20:48:46.602" endtime="20231111 20:48:46.608"/>
</kw>
<status status="PASS" starttime="20231111 20:48:46.602" endtime="20231111 20:48:46.608"/>
</kw>
<kw name="Login Page Should Be Open" library="resource">
<kw name="Title Should Be" library="SeleniumLibrary">
<arg>Login</arg>
<doc>Verifies that the current page title equals ``title``.</doc>
<msg timestamp="20231111 20:48:46.609" level="INFO">Page title is 'Login'.</msg>
<status status="PASS" starttime="20231111 20:48:46.608" endtime="20231111 20:48:46.609"/>
</kw>
<status status="PASS" starttime="20231111 20:48:46.608" endtime="20231111 20:48:46.609"/>
</kw>
<status status="PASS" starttime="20231111 20:48:46.596" endtime="20231111 20:48:46.609"/>
</kw>
<kw name="Set Username">
<arg>kalle</arg>
<kw name="Input Text" library="SeleniumLibrary">
<arg>username</arg>
<arg>${username}</arg>
<doc>Types the given ``text`` into the text field identified by ``locator``.</doc>
<msg timestamp="20231111 20:48:46.610" level="INFO">Typing text 'kalle' into text field 'username'.</msg>
<status status="PASS" starttime="20231111 20:48:46.609" endtime="20231111 20:48:46.639"/>
</kw>
<status status="PASS" starttime="20231111 20:48:46.609" endtime="20231111 20:48:46.639"/>
</kw>
<kw name="Set Password">
<arg>kalle456</arg>
<kw name="Input Password" library="SeleniumLibrary">
<arg>password</arg>
<arg>${password}</arg>
<doc>Types the given password into the text field identified by ``locator``.</doc>
<msg timestamp="20231111 20:48:46.639" level="INFO">Typing password into text field 'password'.</msg>
<msg timestamp="20231111 20:48:46.652" level="INFO">Temporally setting log level to: NONE</msg>
<msg timestamp="20231111 20:48:46.669" level="INFO">Log level changed from NONE to INFO.</msg>
<status status="PASS" starttime="20231111 20:48:46.639" endtime="20231111 20:48:46.669"/>
</kw>
<status status="PASS" starttime="20231111 20:48:46.639" endtime="20231111 20:48:46.669"/>
</kw>
<kw name="Submit Credentials">
<kw name="Click Button" library="SeleniumLibrary">
<arg>Login</arg>
<doc>Clicks the button identified by ``locator``.</doc>
<msg timestamp="20231111 20:48:46.669" level="INFO">Clicking button 'Login'.</msg>
<status status="PASS" starttime="20231111 20:48:46.669" endtime="20231111 20:48:46.694"/>
</kw>
<status status="PASS" starttime="20231111 20:48:46.669" endtime="20231111 20:48:46.694"/>
</kw>
<kw name="Login Should Fail With Message">
<arg>Invalid username or password</arg>
<kw name="Login Page Should Be Open" library="resource">
<kw name="Title Should Be" library="SeleniumLibrary">
<arg>Login</arg>
<doc>Verifies that the current page title equals ``title``.</doc>
<msg timestamp="20231111 20:48:46.696" level="INFO">Page title is 'Login'.</msg>
<status status="PASS" starttime="20231111 20:48:46.695" endtime="20231111 20:48:46.696"/>
</kw>
<status status="PASS" starttime="20231111 20:48:46.695" endtime="20231111 20:48:46.696"/>
</kw>
<kw name="Page Should Contain" library="SeleniumLibrary">
<arg>${message}</arg>
<doc>Verifies that current page contains ``text``.</doc>
<msg timestamp="20231111 20:48:46.703" level="INFO">Current page contains text 'Invalid username or password'.</msg>
<status status="PASS" starttime="20231111 20:48:46.696" endtime="20231111 20:48:46.703"/>
</kw>
<status status="PASS" starttime="20231111 20:48:46.694" endtime="20231111 20:48:46.703"/>
</kw>
<status status="PASS" starttime="20231111 20:48:46.596" endtime="20231111 20:48:46.703"/>
</test>
<test id="s1-s2-t3" name="Login With Nonexistent Username" line="20">
<kw name="Create User And Go To Login Page" type="SETUP">
<kw name="Create User" library="AppLibrary">
<arg>kalle</arg>
<arg>kalle123</arg>
<status status="PASS" starttime="20231111 20:48:46.703" endtime="20231111 20:48:46.708"/>
</kw>
<kw name="Go To Login Page" library="resource">
<kw name="Go To" library="SeleniumLibrary">
<arg>${LOGIN_URL}</arg>
<doc>Navigates the current browser window to the provided ``url``.</doc>
<msg timestamp="20231111 20:48:46.709" level="INFO">Opening url 'http://localhost:5001/login'</msg>
<status status="PASS" starttime="20231111 20:48:46.709" endtime="20231111 20:48:46.715"/>
</kw>
<status status="PASS" starttime="20231111 20:48:46.708" endtime="20231111 20:48:46.715"/>
</kw>
<kw name="Login Page Should Be Open" library="resource">
<kw name="Title Should Be" library="SeleniumLibrary">
<arg>Login</arg>
<doc>Verifies that the current page title equals ``title``.</doc>
<msg timestamp="20231111 20:48:46.716" level="INFO">Page title is 'Login'.</msg>
<status status="PASS" starttime="20231111 20:48:46.715" endtime="20231111 20:48:46.716"/>
</kw>
<status status="PASS" starttime="20231111 20:48:46.715" endtime="20231111 20:48:46.716"/>
</kw>
<status status="PASS" starttime="20231111 20:48:46.703" endtime="20231111 20:48:46.716"/>
</kw>
<kw name="Set Username">
<arg>eiole</arg>
<kw name="Input Text" library="SeleniumLibrary">
<arg>username</arg>
<arg>${username}</arg>
<doc>Types the given ``text`` into the text field identified by ``locator``.</doc>
<msg timestamp="20231111 20:48:46.717" level="INFO">Typing text 'eiole' into text field 'username'.</msg>
<status status="PASS" starttime="20231111 20:48:46.717" endtime="20231111 20:48:46.746"/>
</kw>
<status status="PASS" starttime="20231111 20:48:46.716" endtime="20231111 20:48:46.746"/>
</kw>
<kw name="Set Password">
<arg>salasana123</arg>
<kw name="Input Password" library="SeleniumLibrary">
<arg>password</arg>
<arg>${password}</arg>
<doc>Types the given password into the text field identified by ``locator``.</doc>
<msg timestamp="20231111 20:48:46.747" level="INFO">Typing password into text field 'password'.</msg>
<msg timestamp="20231111 20:48:46.762" level="INFO">Temporally setting log level to: NONE</msg>
<msg timestamp="20231111 20:48:46.780" level="INFO">Log level changed from NONE to INFO.</msg>
<status status="PASS" starttime="20231111 20:48:46.747" endtime="20231111 20:48:46.780"/>
</kw>
<status status="PASS" starttime="20231111 20:48:46.747" endtime="20231111 20:48:46.780"/>
</kw>
<kw name="Submit Credentials">
<kw name="Click Button" library="SeleniumLibrary">
<arg>Login</arg>
<doc>Clicks the button identified by ``locator``.</doc>
<msg timestamp="20231111 20:48:46.780" level="INFO">Clicking button 'Login'.</msg>
<status status="PASS" starttime="20231111 20:48:46.780" endtime="20231111 20:48:46.806"/>
</kw>
<status status="PASS" starttime="20231111 20:48:46.780" endtime="20231111 20:48:46.806"/>
</kw>
<kw name="Login Should Fail With Message">
<arg>Invalid username or password</arg>
<kw name="Login Page Should Be Open" library="resource">
<kw name="Title Should Be" library="SeleniumLibrary">
<arg>Login</arg>
<doc>Verifies that the current page title equals ``title``.</doc>
<msg timestamp="20231111 20:48:46.808" level="INFO">Page title is 'Login'.</msg>
<status status="PASS" starttime="20231111 20:48:46.806" endtime="20231111 20:48:46.808"/>
</kw>
<status status="PASS" starttime="20231111 20:48:46.806" endtime="20231111 20:48:46.808"/>
</kw>
<kw name="Page Should Contain" library="SeleniumLibrary">
<arg>${message}</arg>
<doc>Verifies that current page contains ``text``.</doc>
<msg timestamp="20231111 20:48:46.813" level="INFO">Current page contains text 'Invalid username or password'.</msg>
<status status="PASS" starttime="20231111 20:48:46.808" endtime="20231111 20:48:46.813"/>
</kw>
<status status="PASS" starttime="20231111 20:48:46.806" endtime="20231111 20:48:46.813"/>
</kw>
<status status="PASS" starttime="20231111 20:48:46.703" endtime="20231111 20:48:46.813"/>
</test>
<kw name="Close Browser" library="SeleniumLibrary" type="TEARDOWN">
<doc>Closes the current browser.</doc>
<status status="PASS" starttime="20231111 20:48:46.813" endtime="20231111 20:48:46.875"/>
</kw>
<status status="PASS" starttime="20231111 20:48:45.583" endtime="20231111 20:48:46.875"/>
</suite>
<suite id="s1-s3" name="Register" source="/Users/oskar/ohjelmistotuotanto-palautukset/viikko3/web-login/src/tests/register.robot">
<kw name="Open And Configure Browser" library="resource" type="SETUP">
<kw name="Evaluate" library="BuiltIn">
<var>${options}</var>
<arg>sys.modules['selenium.webdriver'].ChromeOptions()</arg>
<arg>sys</arg>
<doc>Evaluates the given expression in Python and returns the result.</doc>
<msg timestamp="20231111 20:48:46.877" level="INFO">${options} = &lt;selenium.webdriver.chrome.options.Options object at 0x1030d4910&gt;</msg>
<status status="PASS" starttime="20231111 20:48:46.877" endtime="20231111 20:48:46.877"/>
</kw>
<kw name="Call Method" library="BuiltIn">
<arg>${options}</arg>
<arg>add_argument</arg>
<arg>--no-sandbox</arg>
<doc>Calls the named method of the given object with the provided arguments.</doc>
<status status="PASS" starttime="20231111 20:48:46.877" endtime="20231111 20:48:46.877"/>
</kw>
<kw name="Call Method" library="BuiltIn">
<arg>${options}</arg>
<arg>add_argument</arg>
<arg>--headless</arg>
<doc>Calls the named method of the given object with the provided arguments.</doc>
<status status="PASS" starttime="20231111 20:48:46.877" endtime="20231111 20:48:46.877"/>
</kw>
<kw name="Open Browser" library="SeleniumLibrary">
<arg>browser=chrome</arg>
<arg>options=${options}</arg>
<doc>Opens a new browser instance to the optional ``url``.</doc>
<msg timestamp="20231111 20:48:46.878" level="INFO">Opening browser 'chrome' to base url 'None'.</msg>
<status status="PASS" starttime="20231111 20:48:46.877" endtime="20231111 20:48:47.611"/>
</kw>
<kw name="Set Selenium Speed" library="SeleniumLibrary">
<arg>${DELAY}</arg>
<doc>Sets the delay that is waited after each Selenium command.</doc>
<status status="PASS" starttime="20231111 20:48:47.611" endtime="20231111 20:48:47.611"/>
</kw>
<status status="PASS" starttime="20231111 20:48:46.877" endtime="20231111 20:48:47.611"/>
</kw>
<test id="s1-s3-t1" name="Register With Valid Username And Password" line="8">
<kw name="Reset Application And Go To Register Page" type="SETUP">
<kw name="Reset Application" library="AppLibrary">
<status status="PASS" starttime="20231111 20:48:47.612" endtime="20231111 20:48:47.616"/>
</kw>
<kw name="Go To Register Page" library="resource">
<kw name="Go To" library="SeleniumLibrary">
<arg>${REGISTER_URL}</arg>
<doc>Navigates the current browser window to the provided ``url``.</doc>
<msg timestamp="20231111 20:48:47.617" level="INFO">Opening url 'http://localhost:5001/register'</msg>
<status status="PASS" starttime="20231111 20:48:47.617" endtime="20231111 20:48:47.675"/>
</kw>
<status status="PASS" starttime="20231111 20:48:47.616" endtime="20231111 20:48:47.675"/>
</kw>
<kw name="Register Page Should Be Open" library="resource">
<kw name="Title Should Be" library="SeleniumLibrary">
<arg>Register</arg>
<doc>Verifies that the current page title equals ``title``.</doc>
<msg timestamp="20231111 20:48:47.678" level="INFO">Page title is 'Register'.</msg>
<status status="PASS" starttime="20231111 20:48:47.675" endtime="20231111 20:48:47.678"/>
</kw>
<status status="PASS" starttime="20231111 20:48:47.675" endtime="20231111 20:48:47.678"/>
</kw>
<status status="PASS" starttime="20231111 20:48:47.612" endtime="20231111 20:48:47.678"/>
</kw>
<kw name="Set Username">
<arg>kalle</arg>
<kw name="Input Text" library="SeleniumLibrary">
<arg>username</arg>
<arg>${username}</arg>
<doc>Types the given ``text`` into the text field identified by ``locator``.</doc>
<msg timestamp="20231111 20:48:47.679" level="INFO">Typing text 'kalle' into text field 'username'.</msg>
<status status="PASS" starttime="20231111 20:48:47.679" endtime="20231111 20:48:47.760"/>
</kw>
<status status="PASS" starttime="20231111 20:48:47.678" endtime="20231111 20:48:47.760"/>
</kw>
<kw name="Set Password">
<arg>kalle123</arg>
<kw name="Input Password" library="SeleniumLibrary">
<arg>password</arg>
<arg>${password}</arg>
<doc>Types the given password into the text field identified by ``locator``.</doc>
<msg timestamp="20231111 20:48:47.761" level="INFO">Typing password into text field 'password'.</msg>
<msg timestamp="20231111 20:48:47.776" level="INFO">Temporally setting log level to: NONE</msg>
<msg timestamp="20231111 20:48:47.850" level="INFO">Log level changed from NONE to INFO.</msg>
<status status="PASS" starttime="20231111 20:48:47.760" endtime="20231111 20:48:47.850"/>
</kw>
<status status="PASS" starttime="20231111 20:48:47.760" endtime="20231111 20:48:47.850"/>
</kw>
<kw name="Set Password Confirmation">
<arg>kalle123</arg>
<kw name="Input Password" library="SeleniumLibrary">
<arg>password_confirmation</arg>
<arg>${password_confirmation}</arg>
<doc>Types the given password into the text field identified by ``locator``.</doc>
<msg timestamp="20231111 20:48:47.851" level="INFO">Typing password into text field 'password_confirmation'.</msg>
<msg timestamp="20231111 20:48:47.867" level="INFO">Temporally setting log level to: NONE</msg>
<msg timestamp="20231111 20:48:47.885" level="INFO">Log level changed from NONE to INFO.</msg>
<status status="PASS" starttime="20231111 20:48:47.850" endtime="20231111 20:48:47.885"/>
</kw>
<status status="PASS" starttime="20231111 20:48:47.850" endtime="20231111 20:48:47.885"/>
</kw>
<kw name="Submit Credentials">
<kw name="Click Button" library="SeleniumLibrary">
<arg>Register</arg>
<doc>Clicks the button identified by ``locator``.</doc>
<msg timestamp="20231111 20:48:47.886" level="INFO">Clicking button 'Register'.</msg>
<status status="PASS" starttime="20231111 20:48:47.885" endtime="20231111 20:48:47.920"/>
</kw>
<status status="PASS" starttime="20231111 20:48:47.885" endtime="20231111 20:48:47.920"/>
</kw>
<kw name="Register Should Succeed">
<kw name="Welcome Page Should Be Open" library="resource">
<kw name="Title Should Be" library="SeleniumLibrary">
<arg>Welcome to Ohtu Application!</arg>
<doc>Verifies that the current page title equals ``title``.</doc>
<msg timestamp="20231111 20:48:47.922" level="INFO">Page title is 'Welcome to Ohtu Application!'.</msg>
<status status="PASS" starttime="20231111 20:48:47.920" endtime="20231111 20:48:47.922"/>
</kw>
<status status="PASS" starttime="20231111 20:48:47.920" endtime="20231111 20:48:47.922"/>
</kw>
<status status="PASS" starttime="20231111 20:48:47.920" endtime="20231111 20:48:47.922"/>
</kw>
<status status="PASS" starttime="20231111 20:48:47.611" endtime="20231111 20:48:47.922"/>
</test>
<test id="s1-s3-t2" name="Register With Too Short Username And Valid Password" line="15">
<kw name="Reset Application And Go To Register Page" type="SETUP">
<kw name="Reset Application" library="AppLibrary">
<status status="PASS" starttime="20231111 20:48:47.922" endtime="20231111 20:48:47.926"/>
</kw>
<kw name="Go To Register Page" library="resource">
<kw name="Go To" library="SeleniumLibrary">
<arg>${REGISTER_URL}</arg>
<doc>Navigates the current browser window to the provided ``url``.</doc>
<msg timestamp="20231111 20:48:47.926" level="INFO">Opening url 'http://localhost:5001/register'</msg>
<status status="PASS" starttime="20231111 20:48:47.926" endtime="20231111 20:48:47.932"/>
</kw>
<status status="PASS" starttime="20231111 20:48:47.926" endtime="20231111 20:48:47.933"/>
</kw>
<kw name="Register Page Should Be Open" library="resource">
<kw name="Title Should Be" library="SeleniumLibrary">
<arg>Register</arg>
<doc>Verifies that the current page title equals ``title``.</doc>
<msg timestamp="20231111 20:48:47.935" level="INFO">Page title is 'Register'.</msg>
<status status="PASS" starttime="20231111 20:48:47.933" endtime="20231111 20:48:47.935"/>
</kw>
<status status="PASS" starttime="20231111 20:48:47.933" endtime="20231111 20:48:47.935"/>
</kw>
<status status="PASS" starttime="20231111 20:48:47.922" endtime="20231111 20:48:47.935"/>
</kw>
<kw name="Set Username">
<arg>a</arg>
<kw name="Input Text" library="SeleniumLibrary">
<arg>username</arg>
<arg>${username}</arg>
<doc>Types the given ``text`` into the text field identified by ``locator``.</doc>
<msg timestamp="20231111 20:48:47.935" level="INFO">Typing text 'a' into text field 'username'.</msg>
<status status="PASS" starttime="20231111 20:48:47.935" endtime="20231111 20:48:47.965"/>
</kw>
<status status="PASS" starttime="20231111 20:48:47.935" endtime="20231111 20:48:47.965"/>
</kw>
<kw name="Set Password">
<arg>salasana123</arg>
<kw name="Input Password" library="SeleniumLibrary">
<arg>password</arg>
<arg>${password}</arg>
<doc>Types the given password into the text field identified by ``locator``.</doc>
<msg timestamp="20231111 20:48:47.965" level="INFO">Typing password into text field 'password'.</msg>
<msg timestamp="20231111 20:48:47.979" level="INFO">Temporally setting log level to: NONE</msg>
<msg timestamp="20231111 20:48:47.997" level="INFO">Log level changed from NONE to INFO.</msg>
<status status="PASS" starttime="20231111 20:48:47.965" endtime="20231111 20:48:47.997"/>
</kw>
<status status="PASS" starttime="20231111 20:48:47.965" endtime="20231111 20:48:47.997"/>
</kw>
<kw name="Set Password Confirmation">
<arg>salasana123</arg>
<kw name="Input Password" library="SeleniumLibrary">
<arg>password_confirmation</arg>
<arg>${password_confirmation}</arg>
<doc>Types the given password into the text field identified by ``locator``.</doc>
<msg timestamp="20231111 20:48:47.997" level="INFO">Typing password into text field 'password_confirmation'.</msg>
<msg timestamp="20231111 20:48:48.011" level="INFO">Temporally setting log level to: NONE</msg>
<msg timestamp="20231111 20:48:48.030" level="INFO">Log level changed from NONE to INFO.</msg>
<status status="PASS" starttime="20231111 20:48:47.997" endtime="20231111 20:48:48.030"/>
</kw>
<status status="PASS" starttime="20231111 20:48:47.997" endtime="20231111 20:48:48.030"/>
</kw>
<kw name="Submit Credentials">
<kw name="Click Button" library="SeleniumLibrary">
<arg>Register</arg>
<doc>Clicks the button identified by ``locator``.</doc>
<msg timestamp="20231111 20:48:48.031" level="INFO">Clicking button 'Register'.</msg>
<status status="PASS" starttime="20231111 20:48:48.031" endtime="20231111 20:48:48.058"/>
</kw>
<status status="PASS" starttime="20231111 20:48:48.030" endtime="20231111 20:48:48.058"/>
</kw>
<kw name="Register Should Fail With Message">
<arg>Username must have at least 3 letters</arg>
<kw name="Register Page Should Be Open" library="resource">
<kw name="Title Should Be" library="SeleniumLibrary">
<arg>Register</arg>
<doc>Verifies that the current page title equals ``title``.</doc>
<msg timestamp="20231111 20:48:48.060" level="INFO">Page title is 'Register'.</msg>
<status status="PASS" starttime="20231111 20:48:48.059" endtime="20231111 20:48:48.060"/>
</kw>
<status status="PASS" starttime="20231111 20:48:48.059" endtime="20231111 20:48:48.060"/>
</kw>
<kw name="Page Should Contain" library="SeleniumLibrary">
<arg>${message}</arg>
<doc>Verifies that current page contains ``text``.</doc>
<msg timestamp="20231111 20:48:48.067" level="INFO">Current page contains text 'Username must have at least 3 letters'.</msg>
<status status="PASS" starttime="20231111 20:48:48.060" endtime="20231111 20:48:48.067"/>
</kw>
<status status="PASS" starttime="20231111 20:48:48.058" endtime="20231111 20:48:48.067"/>
</kw>
<status status="PASS" starttime="20231111 20:48:47.922" endtime="20231111 20:48:48.067"/>
</test>
<test id="s1-s3-t3" name="Register With Valid Username And Invalid Password" line="22">
<kw name="Reset Application And Go To Register Page" type="SETUP">
<kw name="Reset Application" library="AppLibrary">
<status status="PASS" starttime="20231111 20:48:48.067" endtime="20231111 20:48:48.071"/>
</kw>
<kw name="Go To Register Page" library="resource">
<kw name="Go To" library="SeleniumLibrary">
<arg>${REGISTER_URL}</arg>
<doc>Navigates the current browser window to the provided ``url``.</doc>
<msg timestamp="20231111 20:48:48.071" level="INFO">Opening url 'http://localhost:5001/register'</msg>
<status status="PASS" starttime="20231111 20:48:48.071" endtime="20231111 20:48:48.077"/>
</kw>
<status status="PASS" starttime="20231111 20:48:48.071" endtime="20231111 20:48:48.077"/>
</kw>
<kw name="Register Page Should Be Open" library="resource">
<kw name="Title Should Be" library="SeleniumLibrary">
<arg>Register</arg>
<doc>Verifies that the current page title equals ``title``.</doc>
<msg timestamp="20231111 20:48:48.079" level="INFO">Page title is 'Register'.</msg>
<status status="PASS" starttime="20231111 20:48:48.077" endtime="20231111 20:48:48.079"/>
</kw>
<status status="PASS" starttime="20231111 20:48:48.077" endtime="20231111 20:48:48.079"/>
</kw>
<status status="PASS" starttime="20231111 20:48:48.067" endtime="20231111 20:48:48.079"/>
</kw>
<kw name="Set Username">
<arg>kayttaja</arg>
<kw name="Input Text" library="SeleniumLibrary">
<arg>username</arg>
<arg>${username}</arg>
<doc>Types the given ``text`` into the text field identified by ``locator``.</doc>
<msg timestamp="20231111 20:48:48.079" level="INFO">Typing text 'kayttaja' into text field 'username'.</msg>
<status status="PASS" starttime="20231111 20:48:48.079" endtime="20231111 20:48:48.114"/>
</kw>
<status status="PASS" starttime="20231111 20:48:48.079" endtime="20231111 20:48:48.114"/>
</kw>
<kw name="Set Password">
<arg>salasana</arg>
<kw name="Input Password" library="SeleniumLibrary">
<arg>password</arg>
<arg>${password}</arg>
<doc>Types the given password into the text field identified by ``locator``.</doc>
<msg timestamp="20231111 20:48:48.115" level="INFO">Typing password into text field 'password'.</msg>
<msg timestamp="20231111 20:48:48.128" level="INFO">Temporally setting log level to: NONE</msg>
<msg timestamp="20231111 20:48:48.146" level="INFO">Log level changed from NONE to INFO.</msg>
<status status="PASS" starttime="20231111 20:48:48.115" endtime="20231111 20:48:48.146"/>
</kw>
<status status="PASS" starttime="20231111 20:48:48.114" endtime="20231111 20:48:48.146"/>
</kw>
<kw name="Set Password Confirmation">
<arg>salasana</arg>
<kw name="Input Password" library="SeleniumLibrary">
<arg>password_confirmation</arg>
<arg>${password_confirmation}</arg>
<doc>Types the given password into the text field identified by ``locator``.</doc>
<msg timestamp="20231111 20:48:48.146" level="INFO">Typing password into text field 'password_confirmation'.</msg>
<msg timestamp="20231111 20:48:48.160" level="INFO">Temporally setting log level to: NONE</msg>
<msg timestamp="20231111 20:48:48.177" level="INFO">Log level changed from NONE to INFO.</msg>
<status status="PASS" starttime="20231111 20:48:48.146" endtime="20231111 20:48:48.178"/>
</kw>
<status status="PASS" starttime="20231111 20:48:48.146" endtime="20231111 20:48:48.178"/>
</kw>
<kw name="Submit Credentials">
<kw name="Click Button" library="SeleniumLibrary">
<arg>Register</arg>
<doc>Clicks the button identified by ``locator``.</doc>
<msg timestamp="20231111 20:48:48.178" level="INFO">Clicking button 'Register'.</msg>
<status status="PASS" starttime="20231111 20:48:48.178" endtime="20231111 20:48:48.204"/>
</kw>
<status status="PASS" starttime="20231111 20:48:48.178" endtime="20231111 20:48:48.204"/>
</kw>
<kw name="Register Should Fail With Message">
<arg>Password must have numbers or special characters</arg>
<kw name="Register Page Should Be Open" library="resource">
<kw name="Title Should Be" library="SeleniumLibrary">
<arg>Register</arg>
<doc>Verifies that the current page title equals ``title``.</doc>
<msg timestamp="20231111 20:48:48.206" level="INFO">Page title is 'Register'.</msg>
<status status="PASS" starttime="20231111 20:48:48.204" endtime="20231111 20:48:48.206"/>
</kw>
<status status="PASS" starttime="20231111 20:48:48.204" endtime="20231111 20:48:48.206"/>
</kw>
<kw name="Page Should Contain" library="SeleniumLibrary">
<arg>${message}</arg>
<doc>Verifies that current page contains ``text``.</doc>
<msg timestamp="20231111 20:48:48.212" level="INFO">Current page contains text 'Password must have numbers or special characters'.</msg>
<status status="PASS" starttime="20231111 20:48:48.206" endtime="20231111 20:48:48.212"/>
</kw>
<status status="PASS" starttime="20231111 20:48:48.204" endtime="20231111 20:48:48.212"/>
</kw>
<status status="PASS" starttime="20231111 20:48:48.067" endtime="20231111 20:48:48.212"/>
</test>
<test id="s1-s3-t4" name="Register With Nonmatching Password And Password Confirmation" line="29">
<kw name="Reset Application And Go To Register Page" type="SETUP">
<kw name="Reset Application" library="AppLibrary">
<status status="PASS" starttime="20231111 20:48:48.213" endtime="20231111 20:48:48.216"/>
</kw>
<kw name="Go To Register Page" library="resource">
<kw name="Go To" library="SeleniumLibrary">
<arg>${REGISTER_URL}</arg>
<doc>Navigates the current browser window to the provided ``url``.</doc>
<msg timestamp="20231111 20:48:48.216" level="INFO">Opening url 'http://localhost:5001/register'</msg>
<status status="PASS" starttime="20231111 20:48:48.216" endtime="20231111 20:48:48.222"/>
</kw>
<status status="PASS" starttime="20231111 20:48:48.216" endtime="20231111 20:48:48.222"/>
</kw>
<kw name="Register Page Should Be Open" library="resource">
<kw name="Title Should Be" library="SeleniumLibrary">
<arg>Register</arg>
<doc>Verifies that the current page title equals ``title``.</doc>
<msg timestamp="20231111 20:48:48.224" level="INFO">Page title is 'Register'.</msg>
<status status="PASS" starttime="20231111 20:48:48.223" endtime="20231111 20:48:48.224"/>
</kw>
<status status="PASS" starttime="20231111 20:48:48.222" endtime="20231111 20:48:48.224"/>
</kw>
<status status="PASS" starttime="20231111 20:48:48.212" endtime="20231111 20:48:48.224"/>
</kw>
<kw name="Set Username">
<arg>kalle</arg>
<kw name="Input Text" library="SeleniumLibrary">
<arg>username</arg>
<arg>${username}</arg>
<doc>Types the given ``text`` into the text field identified by ``locator``.</doc>
<msg timestamp="20231111 20:48:48.225" level="INFO">Typing text 'kalle' into text field 'username'.</msg>
<status status="PASS" starttime="20231111 20:48:48.224" endtime="20231111 20:48:48.255"/>
</kw>
<status status="PASS" starttime="20231111 20:48:48.224" endtime="20231111 20:48:48.255"/>
</kw>
<kw name="Set Password">
<arg>kalle123</arg>
<kw name="Input Password" library="SeleniumLibrary">
<arg>password</arg>
<arg>${password}</arg>
<doc>Types the given password into the text field identified by ``locator``.</doc>
<msg timestamp="20231111 20:48:48.255" level="INFO">Typing password into text field 'password'.</msg>
<msg timestamp="20231111 20:48:48.269" level="INFO">Temporally setting log level to: NONE</msg>
<msg timestamp="20231111 20:48:48.286" level="INFO">Log level changed from NONE to INFO.</msg>
<status status="PASS" starttime="20231111 20:48:48.255" endtime="20231111 20:48:48.286"/>
</kw>
<status status="PASS" starttime="20231111 20:48:48.255" endtime="20231111 20:48:48.286"/>
</kw>
<kw name="Set Password Confirmation">
<arg>kalle124</arg>
<kw name="Input Password" library="SeleniumLibrary">
<arg>password_confirmation</arg>
<arg>${password_confirmation}</arg>
<doc>Types the given password into the text field identified by ``locator``.</doc>
<msg timestamp="20231111 20:48:48.287" level="INFO">Typing password into text field 'password_confirmation'.</msg>
<msg timestamp="20231111 20:48:48.301" level="INFO">Temporally setting log level to: NONE</msg>
<msg timestamp="20231111 20:48:48.319" level="INFO">Log level changed from NONE to INFO.</msg>
<status status="PASS" starttime="20231111 20:48:48.286" endtime="20231111 20:48:48.319"/>
</kw>
<status status="PASS" starttime="20231111 20:48:48.286" endtime="20231111 20:48:48.319"/>
</kw>
<kw name="Submit Credentials">
<kw name="Click Button" library="SeleniumLibrary">
<arg>Register</arg>
<doc>Clicks the button identified by ``locator``.</doc>
<msg timestamp="20231111 20:48:48.320" level="INFO">Clicking button 'Register'.</msg>
<status status="PASS" starttime="20231111 20:48:48.319" endtime="20231111 20:48:48.346"/>
</kw>
<status status="PASS" starttime="20231111 20:48:48.319" endtime="20231111 20:48:48.346"/>
</kw>
<kw name="Register Should Fail With Message">
<arg>Entered passwords do not match</arg>
<kw name="Register Page Should Be Open" library="resource">
<kw name="Title Should Be" library="SeleniumLibrary">
<arg>Register</arg>
<doc>Verifies that the current page title equals ``title``.</doc>
<msg timestamp="20231111 20:48:48.348" level="INFO">Page title is 'Register'.</msg>
<status status="PASS" starttime="20231111 20:48:48.346" endtime="20231111 20:48:48.348"/>
</kw>
<status status="PASS" starttime="20231111 20:48:48.346" endtime="20231111 20:48:48.348"/>
</kw>
<kw name="Page Should Contain" library="SeleniumLibrary">
<arg>${message}</arg>
<doc>Verifies that current page contains ``text``.</doc>
<msg timestamp="20231111 20:48:48.354" level="INFO">Current page contains text 'Entered passwords do not match'.</msg>
<status status="PASS" starttime="20231111 20:48:48.348" endtime="20231111 20:48:48.354"/>
</kw>
<status status="PASS" starttime="20231111 20:48:48.346" endtime="20231111 20:48:48.354"/>
</kw>
<status status="PASS" starttime="20231111 20:48:48.212" endtime="20231111 20:48:48.354"/>
</test>
<test id="s1-s3-t5" name="Login After Successful Registration" line="36">
<kw name="Reset Application And Go To Register Page" type="SETUP">
<kw name="Reset Application" library="AppLibrary">
<status status="PASS" starttime="20231111 20:48:48.354" endtime="20231111 20:48:48.357"/>
</kw>
<kw name="Go To Register Page" library="resource">
<kw name="Go To" library="SeleniumLibrary">
<arg>${REGISTER_URL}</arg>
<doc>Navigates the current browser window to the provided ``url``.</doc>
<msg timestamp="20231111 20:48:48.358" level="INFO">Opening url 'http://localhost:5001/register'</msg>
<status status="PASS" starttime="20231111 20:48:48.358" endtime="20231111 20:48:48.364"/>
</kw>
<status status="PASS" starttime="20231111 20:48:48.358" endtime="20231111 20:48:48.364"/>
</kw>
<kw name="Register Page Should Be Open" library="resource">
<kw name="Title Should Be" library="SeleniumLibrary">
<arg>Register</arg>
<doc>Verifies that the current page title equals ``title``.</doc>
<msg timestamp="20231111 20:48:48.366" level="INFO">Page title is 'Register'.</msg>
<status status="PASS" starttime="20231111 20:48:48.364" endtime="20231111 20:48:48.366"/>
</kw>
<status status="PASS" starttime="20231111 20:48:48.364" endtime="20231111 20:48:48.366"/>
</kw>
<status status="PASS" starttime="20231111 20:48:48.354" endtime="20231111 20:48:48.366"/>
</kw>
<kw name="Set Username">
<arg>kalle</arg>
<kw name="Input Text" library="SeleniumLibrary">
<arg>username</arg>
<arg>${username}</arg>
<doc>Types the given ``text`` into the text field identified by ``locator``.</doc>
<msg timestamp="20231111 20:48:48.366" level="INFO">Typing text 'kalle' into text field 'username'.</msg>
<status status="PASS" starttime="20231111 20:48:48.366" endtime="20231111 20:48:48.396"/>
</kw>
<status status="PASS" starttime="20231111 20:48:48.366" endtime="20231111 20:48:48.396"/>
</kw>
<kw name="Set Password">
<arg>kalle123</arg>
<kw name="Input Password" library="SeleniumLibrary">
<arg>password</arg>
<arg>${password}</arg>
<doc>Types the given password into the text field identified by ``locator``.</doc>
<msg timestamp="20231111 20:48:48.397" level="INFO">Typing password into text field 'password'.</msg>
<msg timestamp="20231111 20:48:48.410" level="INFO">Temporally setting log level to: NONE</msg>
<msg timestamp="20231111 20:48:48.427" level="INFO">Log level changed from NONE to INFO.</msg>
<status status="PASS" starttime="20231111 20:48:48.396" endtime="20231111 20:48:48.427"/>
</kw>
<status status="PASS" starttime="20231111 20:48:48.396" endtime="20231111 20:48:48.427"/>
</kw>
<kw name="Set Password Confirmation">
<arg>kalle123</arg>
<kw name="Input Password" library="SeleniumLibrary">
<arg>password_confirmation</arg>
<arg>${password_confirmation}</arg>
<doc>Types the given password into the text field identified by ``locator``.</doc>
<msg timestamp="20231111 20:48:48.428" level="INFO">Typing password into text field 'password_confirmation'.</msg>
<msg timestamp="20231111 20:48:48.442" level="INFO">Temporally setting log level to: NONE</msg>
<msg timestamp="20231111 20:48:48.460" level="INFO">Log level changed from NONE to INFO.</msg>
<status status="PASS" starttime="20231111 20:48:48.428" endtime="20231111 20:48:48.460"/>
</kw>
<status status="PASS" starttime="20231111 20:48:48.427" endtime="20231111 20:48:48.460"/>
</kw>
<kw name="Submit Credentials">
<kw name="Click Button" library="SeleniumLibrary">
<arg>Register</arg>
<doc>Clicks the button identified by ``locator``.</doc>
<msg timestamp="20231111 20:48:48.460" level="INFO">Clicking button 'Register'.</msg>
<status status="PASS" starttime="20231111 20:48:48.460" endtime="20231111 20:48:48.485"/>
</kw>
<status status="PASS" starttime="20231111 20:48:48.460" endtime="20231111 20:48:48.485"/>
</kw>
<kw name="Register Should Succeed">
<kw name="Welcome Page Should Be Open" library="resource">
<kw name="Title Should Be" library="SeleniumLibrary">
<arg>Welcome to Ohtu Application!</arg>
<doc>Verifies that the current page title equals ``title``.</doc>
<msg timestamp="20231111 20:48:48.487" level="INFO">Page title is 'Welcome to Ohtu Application!'.</msg>
<status status="PASS" starttime="20231111 20:48:48.485" endtime="20231111 20:48:48.487"/>
</kw>
<status status="PASS" starttime="20231111 20:48:48.485" endtime="20231111 20:48:48.487"/>
</kw>
<status status="PASS" starttime="20231111 20:48:48.485" endtime="20231111 20:48:48.487"/>
</kw>
<kw name="Go To Ohtu Page" library="resource">
<kw name="Go To" library="SeleniumLibrary">
<arg>${OHTU_URL}</arg>
<doc>Navigates the current browser window to the provided ``url``.</doc>
<msg timestamp="20231111 20:48:48.487" level="INFO">Opening url 'http://localhost:5001/ohtu'</msg>
<status status="PASS" starttime="20231111 20:48:48.487" endtime="20231111 20:48:48.492"/>
</kw>
<status status="PASS" starttime="20231111 20:48:48.487" endtime="20231111 20:48:48.492"/>
</kw>
<kw name="Click Button" library="SeleniumLibrary">
<arg>Logout</arg>
<doc>Clicks the button identified by ``locator``.</doc>
<msg timestamp="20231111 20:48:48.492" level="INFO">Clicking button 'Logout'.</msg>
<status status="PASS" starttime="20231111 20:48:48.492" endtime="20231111 20:48:48.523"/>
</kw>
<kw name="Login Page Should Be Open" library="resource">
<kw name="Title Should Be" library="SeleniumLibrary">
<arg>Login</arg>
<doc>Verifies that the current page title equals ``title``.</doc>
<msg timestamp="20231111 20:48:48.525" level="INFO">Page title is 'Login'.</msg>
<status status="PASS" starttime="20231111 20:48:48.523" endtime="20231111 20:48:48.525"/>
</kw>
<status status="PASS" starttime="20231111 20:48:48.523" endtime="20231111 20:48:48.525"/>
</kw>
<kw name="Set Username">
<arg>kalle</arg>
<kw name="Input Text" library="SeleniumLibrary">
<arg>username</arg>
<arg>${username}</arg>
<doc>Types the given ``text`` into the text field identified by ``locator``.</doc>
<msg timestamp="20231111 20:48:48.525" level="INFO">Typing text 'kalle' into text field 'username'.</msg>
<status status="PASS" starttime="20231111 20:48:48.525" endtime="20231111 20:48:48.556"/>
</kw>
<status status="PASS" starttime="20231111 20:48:48.525" endtime="20231111 20:48:48.556"/>
</kw>
<kw name="Set Password">
<arg>kalle123</arg>
<kw name="Input Password" library="SeleniumLibrary">
<arg>password</arg>
<arg>${password}</arg>
<doc>Types the given password into the text field identified by ``locator``.</doc>
<msg timestamp="20231111 20:48:48.556" level="INFO">Typing password into text field 'password'.</msg>
<msg timestamp="20231111 20:48:48.570" level="INFO">Temporally setting log level to: NONE</msg>
<msg timestamp="20231111 20:48:48.587" level="INFO">Log level changed from NONE to INFO.</msg>
<status status="PASS" starttime="20231111 20:48:48.556" endtime="20231111 20:48:48.587"/>
</kw>
<status status="PASS" starttime="20231111 20:48:48.556" endtime="20231111 20:48:48.587"/>
</kw>
<kw name="Click Button" library="SeleniumLibrary">
<arg>Login</arg>
<doc>Clicks the button identified by ``locator``.</doc>
<msg timestamp="20231111 20:48:48.587" level="INFO">Clicking button 'Login'.</msg>
<status status="PASS" starttime="20231111 20:48:48.587" endtime="20231111 20:48:48.621"/>
</kw>
<kw name="Main Page Should Be Open" library="resource">
<kw name="Title Should Be" library="SeleniumLibrary">
<arg>Ohtu Application main page</arg>
<doc>Verifies that the current page title equals ``title``.</doc>
<msg timestamp="20231111 20:48:48.624" level="INFO">Page title is 'Ohtu Application main page'.</msg>
<status status="PASS" starttime="20231111 20:48:48.622" endtime="20231111 20:48:48.624"/>
</kw>
<status status="PASS" starttime="20231111 20:48:48.621" endtime="20231111 20:48:48.624"/>
</kw>
<status status="PASS" starttime="20231111 20:48:48.354" endtime="20231111 20:48:48.624"/>
</test>
<test id="s1-s3-t6" name="Login After Failed Registration" line="50">
<kw name="Reset Application And Go To Register Page" type="SETUP">
<kw name="Reset Application" library="AppLibrary">
<status status="PASS" starttime="20231111 20:48:48.624" endtime="20231111 20:48:48.628"/>
</kw>
<kw name="Go To Register Page" library="resource">
<kw name="Go To" library="SeleniumLibrary">
<arg>${REGISTER_URL}</arg>
<doc>Navigates the current browser window to the provided ``url``.</doc>
<msg timestamp="20231111 20:48:48.628" level="INFO">Opening url 'http://localhost:5001/register'</msg>
<status status="PASS" starttime="20231111 20:48:48.628" endtime="20231111 20:48:48.635"/>
</kw>
<status status="PASS" starttime="20231111 20:48:48.628" endtime="20231111 20:48:48.635"/>
</kw>
<kw name="Register Page Should Be Open" library="resource">
<kw name="Title Should Be" library="SeleniumLibrary">
<arg>Register</arg>
<doc>Verifies that the current page title equals ``title``.</doc>
<msg timestamp="20231111 20:48:48.637" level="INFO">Page title is 'Register'.</msg>
<status status="PASS" starttime="20231111 20:48:48.635" endtime="20231111 20:48:48.637"/>
</kw>
<status status="PASS" starttime="20231111 20:48:48.635" endtime="20231111 20:48:48.637"/>
</kw>
<status status="PASS" starttime="20231111 20:48:48.624" endtime="20231111 20:48:48.637"/>
</kw>
<kw name="Set Username">
<arg>kalle</arg>
<kw name="Input Text" library="SeleniumLibrary">
<arg>username</arg>
<arg>${username}</arg>
<doc>Types the given ``text`` into the text field identified by ``locator``.</doc>
<msg timestamp="20231111 20:48:48.637" level="INFO">Typing text 'kalle' into text field 'username'.</msg>
<status status="PASS" starttime="20231111 20:48:48.637" endtime="20231111 20:48:48.666"/>
</kw>
<status status="PASS" starttime="20231111 20:48:48.637" endtime="20231111 20:48:48.666"/>
</kw>
<kw name="Set Password">
<arg>kalle123</arg>
<kw name="Input Password" library="SeleniumLibrary">
<arg>password</arg>
<arg>${password}</arg>
<doc>Types the given password into the text field identified by ``locator``.</doc>
<msg timestamp="20231111 20:48:48.667" level="INFO">Typing password into text field 'password'.</msg>
<msg timestamp="20231111 20:48:48.682" level="INFO">Temporally setting log level to: NONE</msg>
<msg timestamp="20231111 20:48:48.698" level="INFO">Log level changed from NONE to INFO.</msg>
<status status="PASS" starttime="20231111 20:48:48.667" endtime="20231111 20:48:48.698"/>
</kw>
<status status="PASS" starttime="20231111 20:48:48.667" endtime="20231111 20:48:48.698"/>
</kw>
<kw name="Set Password Confirmation">
<arg>kalle12</arg>
<kw name="Input Password" library="SeleniumLibrary">
<arg>password_confirmation</arg>
<arg>${password_confirmation}</arg>
<doc>Types the given password into the text field identified by ``locator``.</doc>
<msg timestamp="20231111 20:48:48.699" level="INFO">Typing password into text field 'password_confirmation'.</msg>
<msg timestamp="20231111 20:48:48.711" level="INFO">Temporally setting log level to: NONE</msg>
<msg timestamp="20231111 20:48:48.727" level="INFO">Log level changed from NONE to INFO.</msg>
<status status="PASS" starttime="20231111 20:48:48.698" endtime="20231111 20:48:48.727"/>
</kw>
<status status="PASS" starttime="20231111 20:48:48.698" endtime="20231111 20:48:48.727"/>
</kw>
<kw name="Submit Credentials">
<kw name="Click Button" library="SeleniumLibrary">
<arg>Register</arg>
<doc>Clicks the button identified by ``locator``.</doc>
<msg timestamp="20231111 20:48:48.728" level="INFO">Clicking button 'Register'.</msg>
<status status="PASS" starttime="20231111 20:48:48.728" endtime="20231111 20:48:48.753"/>
</kw>
<status status="PASS" starttime="20231111 20:48:48.728" endtime="20231111 20:48:48.753"/>
</kw>
<kw name="Register Should Fail With Message">
<arg>Entered passwords do not match</arg>
<kw name="Register Page Should Be Open" library="resource">
<kw name="Title Should Be" library="SeleniumLibrary">
<arg>Register</arg>
<doc>Verifies that the current page title equals ``title``.</doc>
<msg timestamp="20231111 20:48:48.756" level="INFO">Page title is 'Register'.</msg>
<status status="PASS" starttime="20231111 20:48:48.754" endtime="20231111 20:48:48.756"/>
</kw>
<status status="PASS" starttime="20231111 20:48:48.754" endtime="20231111 20:48:48.756"/>
</kw>
<kw name="Page Should Contain" library="SeleniumLibrary">
<arg>${message}</arg>
<doc>Verifies that current page contains ``text``.</doc>
<msg timestamp="20231111 20:48:48.760" level="INFO">Current page contains text 'Entered passwords do not match'.</msg>
<status status="PASS" starttime="20231111 20:48:48.756" endtime="20231111 20:48:48.760"/>
</kw>
<status status="PASS" starttime="20231111 20:48:48.754" endtime="20231111 20:48:48.760"/>
</kw>
<kw name="Go To Login Page" library="resource">
<kw name="Go To" library="SeleniumLibrary">
<arg>${LOGIN_URL}</arg>
<doc>Navigates the current browser window to the provided ``url``.</doc>
<msg timestamp="20231111 20:48:48.760" level="INFO">Opening url 'http://localhost:5001/login'</msg>
<status status="PASS" starttime="20231111 20:48:48.760" endtime="20231111 20:48:48.766"/>
</kw>
<status status="PASS" starttime="20231111 20:48:48.760" endtime="20231111 20:48:48.766"/>
</kw>
<kw name="Login Page Should Be Open" library="resource">
<kw name="Title Should Be" library="SeleniumLibrary">
<arg>Login</arg>
<doc>Verifies that the current page title equals ``title``.</doc>
<msg timestamp="20231111 20:48:48.768" level="INFO">Page title is 'Login'.</msg>
<status status="PASS" starttime="20231111 20:48:48.766" endtime="20231111 20:48:48.768"/>
</kw>
<status status="PASS" starttime="20231111 20:48:48.766" endtime="20231111 20:48:48.768"/>
</kw>
<kw name="Set Username">
<arg>kalle</arg>
<kw name="Input Text" library="SeleniumLibrary">
<arg>username</arg>
<arg>${username}</arg>
<doc>Types the given ``text`` into the text field identified by ``locator``.</doc>
<msg timestamp="20231111 20:48:48.768" level="INFO">Typing text 'kalle' into text field 'username'.</msg>
<status status="PASS" starttime="20231111 20:48:48.768" endtime="20231111 20:48:48.797"/>
</kw>
<status status="PASS" starttime="20231111 20:48:48.768" endtime="20231111 20:48:48.797"/>
</kw>
<kw name="Set Password">
<arg>kalle123</arg>
<kw name="Input Password" library="SeleniumLibrary">
<arg>password</arg>
<arg>${password}</arg>
<doc>Types the given password into the text field identified by ``locator``.</doc>
<msg timestamp="20231111 20:48:48.798" level="INFO">Typing password into text field 'password'.</msg>
<msg timestamp="20231111 20:48:48.811" level="INFO">Temporally setting log level to: NONE</msg>
<msg timestamp="20231111 20:48:48.827" level="INFO">Log level changed from NONE to INFO.</msg>
<status status="PASS" starttime="20231111 20:48:48.797" endtime="20231111 20:48:48.827"/>
</kw>
<status status="PASS" starttime="20231111 20:48:48.797" endtime="20231111 20:48:48.827"/>
</kw>
<kw name="Click Button" library="SeleniumLibrary">
<arg>Login</arg>
<doc>Clicks the button identified by ``locator``.</doc>
<msg timestamp="20231111 20:48:48.827" level="INFO">Clicking button 'Login'.</msg>
<status status="PASS" starttime="20231111 20:48:48.827" endtime="20231111 20:48:48.853"/>
</kw>
<kw name="Login Should Fail With Message">
<arg>Invalid username or password</arg>
<kw name="Login Page Should Be Open" library="resource">
<kw name="Title Should Be" library="SeleniumLibrary">
<arg>Login</arg>
<doc>Verifies that the current page title equals ``title``.</doc>
<msg timestamp="20231111 20:48:48.855" level="INFO">Page title is 'Login'.</msg>
<status status="PASS" starttime="20231111 20:48:48.853" endtime="20231111 20:48:48.855"/>
</kw>
<status status="PASS" starttime="20231111 20:48:48.853" endtime="20231111 20:48:48.855"/>
</kw>
<kw name="Page Should Contain" library="SeleniumLibrary">
<arg>${message}</arg>
<doc>Verifies that current page contains ``text``.</doc>
<msg timestamp="20231111 20:48:48.862" level="INFO">Current page contains text 'Invalid username or password'.</msg>
<status status="PASS" starttime="20231111 20:48:48.855" endtime="20231111 20:48:48.862"/>
</kw>
<status status="PASS" starttime="20231111 20:48:48.853" endtime="20231111 20:48:48.862"/>
</kw>
<status status="PASS" starttime="20231111 20:48:48.624" endtime="20231111 20:48:48.862"/>
</test>
<kw name="Close Browser" library="SeleniumLibrary" type="TEARDOWN">
<doc>Closes the current browser.</doc>
<status status="PASS" starttime="20231111 20:48:48.862" endtime="20231111 20:48:48.924"/>
</kw>
<status status="PASS" starttime="20231111 20:48:46.875" endtime="20231111 20:48:48.924"/>
</suite>
<status status="PASS" starttime="20231111 20:48:44.524" endtime="20231111 20:48:48.925"/>
</suite>
<statistics>
<total>
<stat pass="11" fail="0" skip="0">All Tests</stat>
</total>
<tag>
</tag>
<suite>
<stat pass="11" fail="0" skip="0" id="s1" name="Tests">Tests</stat>
<stat pass="2" fail="0" skip="0" id="s1-s1" name="Home">Tests.Home</stat>
<stat pass="3" fail="0" skip="0" id="s1-s2" name="Login">Tests.Login</stat>
<stat pass="6" fail="0" skip="0" id="s1-s3" name="Register">Tests.Register</stat>
</suite>
</statistics>
<errors>
</errors>
</robot>
