<?xml version="1.0" encoding="UTF-8"?>
<robot generator="Robot 6.1.1 (Python 3.11.6 on darwin)" generated="20231111 20:32:20.003" rpa="false" schemaversion="4">
<suite id="s1" name="Tests" source="/Users/oskar/ohjelmistotuotanto-palautukset/viikko3/web-login/src/tests">
<suite id="s1-s1" name="Home" source="/Users/oskar/ohjelmistotuotanto-palautukset/viikko3/web-login/src/tests/home.robot">
<kw name="Open And Configure Browser" library="resource" type="SETUP">
<kw name="Evaluate" library="BuiltIn">
<var>${options}</var>
<arg>sys.modules['selenium.webdriver'].ChromeOptions()</arg>
<arg>sys</arg>
<doc>Evaluates the given expression in Python and returns the result.</doc>
<msg timestamp="20231111 20:32:20.076" level="INFO">${options} = &lt;selenium.webdriver.chrome.options.Options object at 0x1048295d0&gt;</msg>
<status status="PASS" starttime="20231111 20:32:20.076" endtime="20231111 20:32:20.076"/>
</kw>
<kw name="Call Method" library="BuiltIn">
<arg>${options}</arg>
<arg>add_argument</arg>
<arg>--no-sandbox</arg>
<doc>Calls the named method of the given object with the provided arguments.</doc>
<status status="PASS" starttime="20231111 20:32:20.077" endtime="20231111 20:32:20.077"/>
</kw>
<kw name="Call Method" library="BuiltIn">
<arg>${options}</arg>
<arg>add_argument</arg>
<arg>--headless</arg>
<doc>Calls the named method of the given object with the provided arguments.</doc>
<status status="PASS" starttime="20231111 20:32:20.077" endtime="20231111 20:32:20.077"/>
</kw>
<kw name="Open Browser" library="SeleniumLibrary">
<arg>browser=chrome</arg>
<arg>options=${options}</arg>
<doc>Opens a new browser instance to the optional ``url``.</doc>
<msg timestamp="20231111 20:32:20.077" level="INFO">Opening browser 'chrome' to base url 'None'.</msg>
<status status="PASS" starttime="20231111 20:32:20.077" endtime="20231111 20:32:21.027"/>
</kw>
<kw name="Set Selenium Speed" library="SeleniumLibrary">
<arg>${DELAY}</arg>
<doc>Sets the delay that is waited after each Selenium command.</doc>
<status status="PASS" starttime="20231111 20:32:21.028" endtime="20231111 20:32:21.028"/>
</kw>
<status status="PASS" starttime="20231111 20:32:20.076" endtime="20231111 20:32:21.028"/>
</kw>
<test id="s1-s1-t1" name="Click Login Link" line="8">
<kw name="Go To Main Page" library="resource" type="SETUP">
<kw name="Go To" library="SeleniumLibrary">
<arg>${ROOT_URL}</arg>
<doc>Navigates the current browser window to the provided ``url``.</doc>
<msg timestamp="20231111 20:32:21.029" level="INFO">Opening url 'http://localhost:5001/'</msg>
<status status="PASS" starttime="20231111 20:32:21.029" endtime="20231111 20:32:21.084"/>
</kw>
<status status="PASS" starttime="20231111 20:32:21.028" endtime="20231111 20:32:21.084"/>
</kw>
<kw name="Click Link" library="SeleniumLibrary">
<arg>Login</arg>
<doc>Clicks a link identified by ``locator``.</doc>
<msg timestamp="20231111 20:32:21.085" level="INFO">Clicking link 'Login'.</msg>
<status status="PASS" starttime="20231111 20:32:21.085" endtime="20231111 20:32:21.125"/>
</kw>
<kw name="Login Page Should Be Open" library="resource">
<kw name="Title Should Be" library="SeleniumLibrary">
<arg>Login</arg>
<doc>Verifies that the current page title equals ``title``.</doc>
<msg timestamp="20231111 20:32:21.128" level="INFO">Page title is 'Login'.</msg>
<status status="PASS" starttime="20231111 20:32:21.126" endtime="20231111 20:32:21.128"/>
</kw>
<status status="PASS" starttime="20231111 20:32:21.125" endtime="20231111 20:32:21.128"/>
</kw>
<status status="PASS" starttime="20231111 20:32:21.028" endtime="20231111 20:32:21.128"/>
</test>
<test id="s1-s1-t2" name="Click Register Link" line="12">
<kw name="Go To Main Page" library="resource" type="SETUP">
<kw name="Go To" library="SeleniumLibrary">
<arg>${ROOT_URL}</arg>
<doc>Navigates the current browser window to the provided ``url``.</doc>
<msg timestamp="20231111 20:32:21.128" level="INFO">Opening url 'http://localhost:5001/'</msg>
<status status="PASS" starttime="20231111 20:32:21.128" endtime="20231111 20:32:21.134"/>
</kw>
<status status="PASS" starttime="20231111 20:32:21.128" endtime="20231111 20:32:21.134"/>
</kw>
<kw name="Click Link" library="SeleniumLibrary">
<arg>Register new user</arg>
<doc>Clicks a link identified by ``locator``.</doc>
<msg timestamp="20231111 20:32:21.134" level="INFO">Clicking link 'Register new user'.</msg>
<status status="PASS" starttime="20231111 20:32:21.134" endtime="20231111 20:32:21.159"/>
</kw>
<kw name="Register Page Should Be Open" library="resource">
<kw name="Title Should Be" library="SeleniumLibrary">
<arg>Register</arg>
<doc>Verifies that the current page title equals ``title``.</doc>
<msg timestamp="20231111 20:32:21.161" level="INFO">Page title is 'Register'.</msg>
<status status="PASS" starttime="20231111 20:32:21.159" endtime="20231111 20:32:21.161"/>
</kw>
<status status="PASS" starttime="20231111 20:32:21.159" endtime="20231111 20:32:21.161"/>
</kw>
<status status="PASS" starttime="20231111 20:32:21.128" endtime="20231111 20:32:21.161"/>
</test>
<kw name="Close Browser" library="SeleniumLibrary" type="TEARDOWN">
<doc>Closes the current browser.</doc>
<status status="PASS" starttime="20231111 20:32:21.161" endtime="20231111 20:32:21.223"/>
</kw>
<status status="PASS" starttime="20231111 20:32:20.010" endtime="20231111 20:32:21.223"/>
</suite>
<suite id="s1-s2" name="Login" source="/Users/oskar/ohjelmistotuotanto-palautukset/viikko3/web-login/src/tests/login.robot">
<kw name="Open And Configure Browser" library="resource" type="SETUP">
<kw name="Evaluate" library="BuiltIn">
<var>${options}</var>
<arg>sys.modules['selenium.webdriver'].ChromeOptions()</arg>
<arg>sys</arg>
<doc>Evaluates the given expression in Python and returns the result.</doc>
<msg timestamp="20231111 20:32:21.225" level="INFO">${options} = &lt;selenium.webdriver.chrome.options.Options object at 0x10484f810&gt;</msg>
<status status="PASS" starttime="20231111 20:32:21.225" endtime="20231111 20:32:21.225"/>
</kw>
<kw name="Call Method" library="BuiltIn">
<arg>${options}</arg>
<arg>add_argument</arg>
<arg>--no-sandbox</arg>
<doc>Calls the named method of the given object with the provided arguments.</doc>
<status status="PASS" starttime="20231111 20:32:21.225" endtime="20231111 20:32:21.225"/>
</kw>
<kw name="Call Method" library="BuiltIn">
<arg>${options}</arg>
<arg>add_argument</arg>
<arg>--headless</arg>
<doc>Calls the named method of the given object with the provided arguments.</doc>
<status status="PASS" starttime="20231111 20:32:21.225" endtime="20231111 20:32:21.225"/>
</kw>
<kw name="Open Browser" library="SeleniumLibrary">
<arg>browser=chrome</arg>
<arg>options=${options}</arg>
<doc>Opens a new browser instance to the optional ``url``.</doc>
<msg timestamp="20231111 20:32:21.225" level="INFO">Opening browser 'chrome' to base url 'None'.</msg>
<status status="PASS" starttime="20231111 20:32:21.225" endtime="20231111 20:32:21.978"/>
</kw>
<kw name="Set Selenium Speed" library="SeleniumLibrary">
<arg>${DELAY}</arg>
<doc>Sets the delay that is waited after each Selenium command.</doc>
<status status="PASS" starttime="20231111 20:32:21.978" endtime="20231111 20:32:21.978"/>
</kw>
<status status="PASS" starttime="20231111 20:32:21.225" endtime="20231111 20:32:21.978"/>
</kw>
<test id="s1-s2-t1" name="Login With Correct Credentials" line="8">
<kw name="Create User And Go To Login Page" type="SETUP">
<kw name="Create User" library="AppLibrary">
<arg>kalle</arg>
<arg>kalle123</arg>
<status status="PASS" starttime="20231111 20:32:21.979" endtime="20231111 20:32:21.984"/>
</kw>
<kw name="Go To Login Page" library="resource">
<kw name="Go To" library="SeleniumLibrary">
<arg>${LOGIN_URL}</arg>
<doc>Navigates the current browser window to the provided ``url``.</doc>
<msg timestamp="20231111 20:32:21.984" level="INFO">Opening url 'http://localhost:5001/login'</msg>
<status status="PASS" starttime="20231111 20:32:21.984" endtime="20231111 20:32:22.041"/>
</kw>
<status status="PASS" starttime="20231111 20:32:21.984" endtime="20231111 20:32:22.041"/>
</kw>
<kw name="Login Page Should Be Open" library="resource">
<kw name="Title Should Be" library="SeleniumLibrary">
<arg>Login</arg>
<doc>Verifies that the current page title equals ``title``.</doc>
<msg timestamp="20231111 20:32:22.044" level="INFO">Page title is 'Login'.</msg>
<status status="PASS" starttime="20231111 20:32:22.041" endtime="20231111 20:32:22.044"/>
</kw>
<status status="PASS" starttime="20231111 20:32:22.041" endtime="20231111 20:32:22.044"/>
</kw>
<status status="PASS" starttime="20231111 20:32:21.978" endtime="20231111 20:32:22.044"/>
</kw>
<kw name="Set Username">
<arg>kalle</arg>
<kw name="Input Text" library="SeleniumLibrary">
<arg>username</arg>
<arg>${username}</arg>
<doc>Types the given ``text`` into the text field identified by ``locator``.</doc>
<msg timestamp="20231111 20:32:22.044" level="INFO">Typing text 'kalle' into text field 'username'.</msg>
<status status="PASS" starttime="20231111 20:32:22.044" endtime="20231111 20:32:22.123"/>
</kw>
<status status="PASS" starttime="20231111 20:32:22.044" endtime="20231111 20:32:22.123"/>
</kw>
<kw name="Set Password">
<arg>kalle123</arg>
<kw name="Input Password" library="SeleniumLibrary">
<arg>password</arg>
<arg>${password}</arg>
<doc>Types the given password into the text field identified by ``locator``.</doc>
<msg timestamp="20231111 20:32:22.123" level="INFO">Typing password into text field 'password'.</msg>
<msg timestamp="20231111 20:32:22.138" level="INFO">Temporally setting log level to: NONE</msg>
<msg timestamp="20231111 20:32:22.212" level="INFO">Log level changed from NONE to INFO.</msg>
<status status="PASS" starttime="20231111 20:32:22.123" endtime="20231111 20:32:22.212"/>
</kw>
<status status="PASS" starttime="20231111 20:32:22.123" endtime="20231111 20:32:22.212"/>
</kw>
<kw name="Submit Credentials">
<kw name="Click Button" library="SeleniumLibrary">
<arg>Login</arg>
<doc>Clicks the button identified by ``locator``.</doc>
<msg timestamp="20231111 20:32:22.213" level="INFO">Clicking button 'Login'.</msg>
<status status="PASS" starttime="20231111 20:32:22.212" endtime="20231111 20:32:22.245"/>
</kw>
<status status="PASS" starttime="20231111 20:32:22.212" endtime="20231111 20:32:22.245"/>
</kw>
<kw name="Login Should Succeed">
<kw name="Main Page Should Be Open" library="resource">
<kw name="Title Should Be" library="SeleniumLibrary">
<arg>Ohtu Application main page</arg>
<doc>Verifies that the current page title equals ``title``.</doc>
<msg timestamp="20231111 20:32:22.247" level="INFO">Page title is 'Ohtu Application main page'.</msg>
<status status="PASS" starttime="20231111 20:32:22.245" endtime="20231111 20:32:22.247"/>
</kw>
<status status="PASS" starttime="20231111 20:32:22.245" endtime="20231111 20:32:22.247"/>
</kw>
<status status="PASS" starttime="20231111 20:32:22.245" endtime="20231111 20:32:22.247"/>
</kw>
<status status="PASS" starttime="20231111 20:32:21.978" endtime="20231111 20:32:22.247"/>
</test>
<test id="s1-s2-t2" name="Login With Incorrect Password" line="14">
<kw name="Create User And Go To Login Page" type="SETUP">
<kw name="Create User" library="AppLibrary">
<arg>kalle</arg>
<arg>kalle123</arg>
<status status="PASS" starttime="20231111 20:32:22.248" endtime="20231111 20:32:22.252"/>
</kw>
<kw name="Go To Login Page" library="resource">
<kw name="Go To" library="SeleniumLibrary">
<arg>${LOGIN_URL}</arg>
<doc>Navigates the current browser window to the provided ``url``.</doc>
<msg timestamp="20231111 20:32:22.253" level="INFO">Opening url 'http://localhost:5001/login'</msg>
<status status="PASS" starttime="20231111 20:32:22.253" endtime="20231111 20:32:22.258"/>
</kw>
<status status="PASS" starttime="20231111 20:32:22.253" endtime="20231111 20:32:22.258"/>
</kw>
<kw name="Login Page Should Be Open" library="resource">
<kw name="Title Should Be" library="SeleniumLibrary">
<arg>Login</arg>
<doc>Verifies that the current page title equals ``title``.</doc>
<msg timestamp="20231111 20:32:22.260" level="INFO">Page title is 'Login'.</msg>
<status status="PASS" starttime="20231111 20:32:22.258" endtime="20231111 20:32:22.260"/>
</kw>
<status status="PASS" starttime="20231111 20:32:22.258" endtime="20231111 20:32:22.260"/>
</kw>
<status status="PASS" starttime="20231111 20:32:22.247" endtime="20231111 20:32:22.260"/>
</kw>
<kw name="Set Username">
<arg>kalle</arg>
<kw name="Input Text" library="SeleniumLibrary">
<arg>username</arg>
<arg>${username}</arg>
<doc>Types the given ``text`` into the text field identified by ``locator``.</doc>
<msg timestamp="20231111 20:32:22.260" level="INFO">Typing text 'kalle' into text field 'username'.</msg>
<status status="PASS" starttime="20231111 20:32:22.260" endtime="20231111 20:32:22.289"/>
</kw>
<status status="PASS" starttime="20231111 20:32:22.260" endtime="20231111 20:32:22.289"/>
</kw>
<kw name="Set Password">
<arg>kalle456</arg>
<kw name="Input Password" library="SeleniumLibrary">
<arg>password</arg>
<arg>${password}</arg>
<doc>Types the given password into the text field identified by ``locator``.</doc>
<msg timestamp="20231111 20:32:22.289" level="INFO">Typing password into text field 'password'.</msg>
<msg timestamp="20231111 20:32:22.302" level="INFO">Temporally setting log level to: NONE</msg>
<msg timestamp="20231111 20:32:22.318" level="INFO">Log level changed from NONE to INFO.</msg>
<status status="PASS" starttime="20231111 20:32:22.289" endtime="20231111 20:32:22.318"/>
</kw>
<status status="PASS" starttime="20231111 20:32:22.289" endtime="20231111 20:32:22.318"/>
</kw>
<kw name="Submit Credentials">
<kw name="Click Button" library="SeleniumLibrary">
<arg>Login</arg>
<doc>Clicks the button identified by ``locator``.</doc>
<msg timestamp="20231111 20:32:22.319" level="INFO">Clicking button 'Login'.</msg>
<status status="PASS" starttime="20231111 20:32:22.318" endtime="20231111 20:32:22.344"/>
</kw>
<status status="PASS" starttime="20231111 20:32:22.318" endtime="20231111 20:32:22.344"/>
</kw>
<kw name="Login Should Fail With Message">
<arg>Invalid username or password</arg>
<kw name="Login Page Should Be Open" library="resource">
<kw name="Title Should Be" library="SeleniumLibrary">
<arg>Login</arg>
<doc>Verifies that the current page title equals ``title``.</doc>
<msg timestamp="20231111 20:32:22.346" level="INFO">Page title is 'Login'.</msg>
<status status="PASS" starttime="20231111 20:32:22.345" endtime="20231111 20:32:22.346"/>
</kw>
<status status="PASS" starttime="20231111 20:32:22.345" endtime="20231111 20:32:22.346"/>
</kw>
<kw name="Page Should Contain" library="SeleniumLibrary">
<arg>${message}</arg>
<doc>Verifies that current page contains ``text``.</doc>
<msg timestamp="20231111 20:32:22.352" level="INFO">Current page contains text 'Invalid username or password'.</msg>
<status status="PASS" starttime="20231111 20:32:22.346" endtime="20231111 20:32:22.352"/>
</kw>
<status status="PASS" starttime="20231111 20:32:22.344" endtime="20231111 20:32:22.352"/>
</kw>
<status status="PASS" starttime="20231111 20:32:22.247" endtime="20231111 20:32:22.352"/>
</test>
<test id="s1-s2-t3" name="Login With Nonexistent Username" line="20">
<kw name="Create User And Go To Login Page" type="SETUP">
<kw name="Create User" library="AppLibrary">
<arg>kalle</arg>
<arg>kalle123</arg>
<status status="PASS" starttime="20231111 20:32:22.353" endtime="20231111 20:32:22.357"/>
</kw>
<kw name="Go To Login Page" library="resource">
<kw name="Go To" library="SeleniumLibrary">
<arg>${LOGIN_URL}</arg>
<doc>Navigates the current browser window to the provided ``url``.</doc>
<msg timestamp="20231111 20:32:22.357" level="INFO">Opening url 'http://localhost:5001/login'</msg>
<status status="PASS" starttime="20231111 20:32:22.357" endtime="20231111 20:32:22.363"/>
</kw>
<status status="PASS" starttime="20231111 20:32:22.357" endtime="20231111 20:32:22.363"/>
</kw>
<kw name="Login Page Should Be Open" library="resource">
<kw name="Title Should Be" library="SeleniumLibrary">
<arg>Login</arg>
<doc>Verifies that the current page title equals ``title``.</doc>
<msg timestamp="20231111 20:32:22.365" level="INFO">Page title is 'Login'.</msg>
<status status="PASS" starttime="20231111 20:32:22.364" endtime="20231111 20:32:22.365"/>
</kw>
<status status="PASS" starttime="20231111 20:32:22.364" endtime="20231111 20:32:22.365"/>
</kw>
<status status="PASS" starttime="20231111 20:32:22.352" endtime="20231111 20:32:22.365"/>
</kw>
<kw name="Set Username">
<arg>eiole</arg>
<kw name="Input Text" library="SeleniumLibrary">
<arg>username</arg>
<arg>${username}</arg>
<doc>Types the given ``text`` into the text field identified by ``locator``.</doc>
<msg timestamp="20231111 20:32:22.366" level="INFO">Typing text 'eiole' into text field 'username'.</msg>
<status status="PASS" starttime="20231111 20:32:22.365" endtime="20231111 20:32:22.394"/>
</kw>
<status status="PASS" starttime="20231111 20:32:22.365" endtime="20231111 20:32:22.394"/>
</kw>
<kw name="Set Password">
<arg>salasana123</arg>
<kw name="Input Password" library="SeleniumLibrary">
<arg>password</arg>
<arg>${password}</arg>
<doc>Types the given password into the text field identified by ``locator``.</doc>
<msg timestamp="20231111 20:32:22.395" level="INFO">Typing password into text field 'password'.</msg>
<msg timestamp="20231111 20:32:22.407" level="INFO">Temporally setting log level to: NONE</msg>
<msg timestamp="20231111 20:32:22.424" level="INFO">Log level changed from NONE to INFO.</msg>
<status status="PASS" starttime="20231111 20:32:22.394" endtime="20231111 20:32:22.424"/>
</kw>
<status status="PASS" starttime="20231111 20:32:22.394" endtime="20231111 20:32:22.424"/>
</kw>
<kw name="Submit Credentials">
<kw name="Click Button" library="SeleniumLibrary">
<arg>Login</arg>
<doc>Clicks the button identified by ``locator``.</doc>
<msg timestamp="20231111 20:32:22.424" level="INFO">Clicking button 'Login'.</msg>
<status status="PASS" starttime="20231111 20:32:22.424" endtime="20231111 20:32:22.449"/>
</kw>
<status status="PASS" starttime="20231111 20:32:22.424" endtime="20231111 20:32:22.450"/>
</kw>
<kw name="Login Should Fail With Message">
<arg>Invalid username or password</arg>
<kw name="Login Page Should Be Open" library="resource">
<kw name="Title Should Be" library="SeleniumLibrary">
<arg>Login</arg>
<doc>Verifies that the current page title equals ``title``.</doc>
<msg timestamp="20231111 20:32:22.451" level="INFO">Page title is 'Login'.</msg>
<status status="PASS" starttime="20231111 20:32:22.450" endtime="20231111 20:32:22.451"/>
</kw>
<status status="PASS" starttime="20231111 20:32:22.450" endtime="20231111 20:32:22.451"/>
</kw>
<kw name="Page Should Contain" library="SeleniumLibrary">
<arg>${message}</arg>
<doc>Verifies that current page contains ``text``.</doc>
<msg timestamp="20231111 20:32:22.456" level="INFO">Current page contains text 'Invalid username or password'.</msg>
<status status="PASS" starttime="20231111 20:32:22.452" endtime="20231111 20:32:22.456"/>
</kw>
<status status="PASS" starttime="20231111 20:32:22.450" endtime="20231111 20:32:22.456"/>
</kw>
<status status="PASS" starttime="20231111 20:32:22.352" endtime="20231111 20:32:22.456"/>
</test>
<kw name="Close Browser" library="SeleniumLibrary" type="TEARDOWN">
<doc>Closes the current browser.</doc>
<status status="PASS" starttime="20231111 20:32:22.456" endtime="20231111 20:32:22.518"/>
</kw>
<status status="PASS" starttime="20231111 20:32:21.223" endtime="20231111 20:32:22.518"/>
</suite>
<suite id="s1-s3" name="Register" source="/Users/oskar/ohjelmistotuotanto-palautukset/viikko3/web-login/src/tests/register.robot">
<kw name="Open And Configure Browser" library="resource" type="SETUP">
<kw name="Evaluate" library="BuiltIn">
<var>${options}</var>
<arg>sys.modules['selenium.webdriver'].ChromeOptions()</arg>
<arg>sys</arg>
<doc>Evaluates the given expression in Python and returns the result.</doc>
<msg timestamp="20231111 20:32:22.520" level="INFO">${options} = &lt;selenium.webdriver.chrome.options.Options object at 0x1042c5890&gt;</msg>
<status status="PASS" starttime="20231111 20:32:22.520" endtime="20231111 20:32:22.520"/>
</kw>
<kw name="Call Method" library="BuiltIn">
<arg>${options}</arg>
<arg>add_argument</arg>
<arg>--no-sandbox</arg>
<doc>Calls the named method of the given object with the provided arguments.</doc>
<status status="PASS" starttime="20231111 20:32:22.520" endtime="20231111 20:32:22.520"/>
</kw>
<kw name="Call Method" library="BuiltIn">
<arg>${options}</arg>
<arg>add_argument</arg>
<arg>--headless</arg>
<doc>Calls the named method of the given object with the provided arguments.</doc>
<status status="PASS" starttime="20231111 20:32:22.521" endtime="20231111 20:32:22.521"/>
</kw>
<kw name="Open Browser" library="SeleniumLibrary">
<arg>browser=chrome</arg>
<arg>options=${options}</arg>
<doc>Opens a new browser instance to the optional ``url``.</doc>
<msg timestamp="20231111 20:32:22.521" level="INFO">Opening browser 'chrome' to base url 'None'.</msg>
<status status="PASS" starttime="20231111 20:32:22.521" endtime="20231111 20:32:23.267"/>
</kw>
<kw name="Set Selenium Speed" library="SeleniumLibrary">
<arg>${DELAY}</arg>
<doc>Sets the delay that is waited after each Selenium command.</doc>
<status status="PASS" starttime="20231111 20:32:23.267" endtime="20231111 20:32:23.268"/>
</kw>
<status status="PASS" starttime="20231111 20:32:22.520" endtime="20231111 20:32:23.268"/>
</kw>
<test id="s1-s3-t1" name="Register With Valid Username And Password" line="8">
<kw name="Reset Application And Go To Register Page" type="SETUP">
<kw name="Reset Application" library="AppLibrary">
<status status="PASS" starttime="20231111 20:32:23.268" endtime="20231111 20:32:23.272"/>
</kw>
<kw name="Go To Register Page" library="resource">
<kw name="Go To" library="SeleniumLibrary">
<arg>${REGISTER_URL}</arg>
<doc>Navigates the current browser window to the provided ``url``.</doc>
<msg timestamp="20231111 20:32:23.272" level="INFO">Opening url 'http://localhost:5001/register'</msg>
<status status="PASS" starttime="20231111 20:32:23.272" endtime="20231111 20:32:23.328"/>
</kw>
<status status="PASS" starttime="20231111 20:32:23.272" endtime="20231111 20:32:23.328"/>
</kw>
<kw name="Register Page Should Be Open" library="resource">
<kw name="Title Should Be" library="SeleniumLibrary">
<arg>Register</arg>
<doc>Verifies that the current page title equals ``title``.</doc>
<msg timestamp="20231111 20:32:23.330" level="INFO">Page title is 'Register'.</msg>
<status status="PASS" starttime="20231111 20:32:23.328" endtime="20231111 20:32:23.330"/>
</kw>
<status status="PASS" starttime="20231111 20:32:23.328" endtime="20231111 20:32:23.330"/>
</kw>
<status status="PASS" starttime="20231111 20:32:23.268" endtime="20231111 20:32:23.330"/>
</kw>
<kw name="Set Username">
<arg>kalle</arg>
<kw name="Input Text" library="SeleniumLibrary">
<arg>username</arg>
<arg>${username}</arg>
<doc>Types the given ``text`` into the text field identified by ``locator``.</doc>
<msg timestamp="20231111 20:32:23.331" level="INFO">Typing text 'kalle' into text field 'username'.</msg>
<status status="PASS" starttime="20231111 20:32:23.331" endtime="20231111 20:32:23.411"/>
</kw>
<status status="PASS" starttime="20231111 20:32:23.330" endtime="20231111 20:32:23.411"/>
</kw>
<kw name="Set Password">
<arg>kalle123</arg>
<kw name="Input Password" library="SeleniumLibrary">
<arg>password</arg>
<arg>${password}</arg>
<doc>Types the given password into the text field identified by ``locator``.</doc>
<msg timestamp="20231111 20:32:23.411" level="INFO">Typing password into text field 'password'.</msg>
<msg timestamp="20231111 20:32:23.427" level="INFO">Temporally setting log level to: NONE</msg>
<msg timestamp="20231111 20:32:23.498" level="INFO">Log level changed from NONE to INFO.</msg>
<status status="PASS" starttime="20231111 20:32:23.411" endtime="20231111 20:32:23.498"/>
</kw>
<status status="PASS" starttime="20231111 20:32:23.411" endtime="20231111 20:32:23.498"/>
</kw>
<kw name="Set Password Confirmation">
<arg>kalle123</arg>
<kw name="Input Password" library="SeleniumLibrary">
<arg>password_confirmation</arg>
<arg>${password_confirmation}</arg>
<doc>Types the given password into the text field identified by ``locator``.</doc>
<msg timestamp="20231111 20:32:23.498" level="INFO">Typing password into text field 'password_confirmation'.</msg>
<msg timestamp="20231111 20:32:23.513" level="INFO">Temporally setting log level to: NONE</msg>
<msg timestamp="20231111 20:32:23.530" level="INFO">Log level changed from NONE to INFO.</msg>
<status status="PASS" starttime="20231111 20:32:23.498" endtime="20231111 20:32:23.530"/>
</kw>
<status status="PASS" starttime="20231111 20:32:23.498" endtime="20231111 20:32:23.530"/>
</kw>
<kw name="Submit Credentials">
<kw name="Click Button" library="SeleniumLibrary">
<arg>Register</arg>
<doc>Clicks the button identified by ``locator``.</doc>
<msg timestamp="20231111 20:32:23.530" level="INFO">Clicking button 'Register'.</msg>
<status status="PASS" starttime="20231111 20:32:23.530" endtime="20231111 20:32:23.561"/>
</kw>
<status status="PASS" starttime="20231111 20:32:23.530" endtime="20231111 20:32:23.561"/>
</kw>
<kw name="Register Should Succeed">
<kw name="Welcome Page Should Be Open" library="resource">
<kw name="Title Should Be" library="SeleniumLibrary">
<arg>Welcome to Ohtu Application!</arg>
<doc>Verifies that the current page title equals ``title``.</doc>
<msg timestamp="20231111 20:32:23.563" level="INFO">Page title is 'Welcome to Ohtu Application!'.</msg>
<status status="PASS" starttime="20231111 20:32:23.561" endtime="20231111 20:32:23.563"/>
</kw>
<status status="PASS" starttime="20231111 20:32:23.561" endtime="20231111 20:32:23.563"/>
</kw>
<status status="PASS" starttime="20231111 20:32:23.561" endtime="20231111 20:32:23.563"/>
</kw>
<status status="PASS" starttime="20231111 20:32:23.268" endtime="20231111 20:32:23.563"/>
</test>
<test id="s1-s3-t2" name="Register With Too Short Username And Valid Password" line="15">
<kw name="Reset Application And Go To Register Page" type="SETUP">
<kw name="Reset Application" library="AppLibrary">
<status status="PASS" starttime="20231111 20:32:23.563" endtime="20231111 20:32:23.567"/>
</kw>
<kw name="Go To Register Page" library="resource">
<kw name="Go To" library="SeleniumLibrary">
<arg>${REGISTER_URL}</arg>
<doc>Navigates the current browser window to the provided ``url``.</doc>
<msg timestamp="20231111 20:32:23.567" level="INFO">Opening url 'http://localhost:5001/register'</msg>
<status status="PASS" starttime="20231111 20:32:23.567" endtime="20231111 20:32:23.573"/>
</kw>
<status status="PASS" starttime="20231111 20:32:23.567" endtime="20231111 20:32:23.573"/>
</kw>
<kw name="Register Page Should Be Open" library="resource">
<kw name="Title Should Be" library="SeleniumLibrary">
<arg>Register</arg>
<doc>Verifies that the current page title equals ``title``.</doc>
<msg timestamp="20231111 20:32:23.575" level="INFO">Page title is 'Register'.</msg>
<status status="PASS" starttime="20231111 20:32:23.573" endtime="20231111 20:32:23.575"/>
</kw>
<status status="PASS" starttime="20231111 20:32:23.573" endtime="20231111 20:32:23.575"/>
</kw>
<status status="PASS" starttime="20231111 20:32:23.563" endtime="20231111 20:32:23.575"/>
</kw>
<kw name="Set Username">
<arg>a</arg>
<kw name="Input Text" library="SeleniumLibrary">
<arg>username</arg>
<arg>${username}</arg>
<doc>Types the given ``text`` into the text field identified by ``locator``.</doc>
<msg timestamp="20231111 20:32:23.575" level="INFO">Typing text 'a' into text field 'username'.</msg>
<status status="PASS" starttime="20231111 20:32:23.575" endtime="20231111 20:32:23.603"/>
</kw>
<status status="PASS" starttime="20231111 20:32:23.575" endtime="20231111 20:32:23.603"/>
</kw>
<kw name="Set Password">
<arg>salasana123</arg>
<kw name="Input Password" library="SeleniumLibrary">
<arg>password</arg>
<arg>${password}</arg>
<doc>Types the given password into the text field identified by ``locator``.</doc>
<msg timestamp="20231111 20:32:23.603" level="INFO">Typing password into text field 'password'.</msg>
<msg timestamp="20231111 20:32:23.616" level="INFO">Temporally setting log level to: NONE</msg>
<msg timestamp="20231111 20:32:23.633" level="INFO">Log level changed from NONE to INFO.</msg>
<status status="PASS" starttime="20231111 20:32:23.603" endtime="20231111 20:32:23.633"/>
</kw>
<status status="PASS" starttime="20231111 20:32:23.603" endtime="20231111 20:32:23.633"/>
</kw>
<kw name="Set Password Confirmation">
<arg>salasana123</arg>
<kw name="Input Password" library="SeleniumLibrary">
<arg>password_confirmation</arg>
<arg>${password_confirmation}</arg>
<doc>Types the given password into the text field identified by ``locator``.</doc>
<msg timestamp="20231111 20:32:23.634" level="INFO">Typing password into text field 'password_confirmation'.</msg>
<msg timestamp="20231111 20:32:23.647" level="INFO">Temporally setting log level to: NONE</msg>
<msg timestamp="20231111 20:32:23.664" level="INFO">Log level changed from NONE to INFO.</msg>
<status status="PASS" starttime="20231111 20:32:23.633" endtime="20231111 20:32:23.664"/>
</kw>
<status status="PASS" starttime="20231111 20:32:23.633" endtime="20231111 20:32:23.664"/>
</kw>
<kw name="Submit Credentials">
<kw name="Click Button" library="SeleniumLibrary">
<arg>Register</arg>
<doc>Clicks the button identified by ``locator``.</doc>
<msg timestamp="20231111 20:32:23.664" level="INFO">Clicking button 'Register'.</msg>
<status status="PASS" starttime="20231111 20:32:23.664" endtime="20231111 20:32:23.690"/>
</kw>
<status status="PASS" starttime="20231111 20:32:23.664" endtime="20231111 20:32:23.690"/>
</kw>
<kw name="Register Should Fail With Message">
<arg>Username must have at least 3 letters</arg>
<kw name="Register Page Should Be Open" library="resource">
<kw name="Title Should Be" library="SeleniumLibrary">
<arg>Register</arg>
<doc>Verifies that the current page title equals ``title``.</doc>
<msg timestamp="20231111 20:32:23.692" level="INFO">Page title is 'Register'.</msg>
<status status="PASS" starttime="20231111 20:32:23.690" endtime="20231111 20:32:23.692"/>
</kw>
<status status="PASS" starttime="20231111 20:32:23.690" endtime="20231111 20:32:23.692"/>
</kw>
<kw name="Page Should Contain" library="SeleniumLibrary">
<arg>${message}</arg>
<doc>Verifies that current page contains ``text``.</doc>
<msg timestamp="20231111 20:32:23.697" level="INFO">Current page contains text 'Username must have at least 3 letters'.</msg>
<status status="PASS" starttime="20231111 20:32:23.692" endtime="20231111 20:32:23.698"/>
</kw>
<status status="PASS" starttime="20231111 20:32:23.690" endtime="20231111 20:32:23.698"/>
</kw>
<status status="PASS" starttime="20231111 20:32:23.563" endtime="20231111 20:32:23.698"/>
</test>
<test id="s1-s3-t3" name="Register With Valid Username And Invalid Password" line="22">
<kw name="Reset Application And Go To Register Page" type="SETUP">
<kw name="Reset Application" library="AppLibrary">
<status status="PASS" starttime="20231111 20:32:23.698" endtime="20231111 20:32:23.702"/>
</kw>
<kw name="Go To Register Page" library="resource">
<kw name="Go To" library="SeleniumLibrary">
<arg>${REGISTER_URL}</arg>
<doc>Navigates the current browser window to the provided ``url``.</doc>
<msg timestamp="20231111 20:32:23.702" level="INFO">Opening url 'http://localhost:5001/register'</msg>
<status status="PASS" starttime="20231111 20:32:23.702" endtime="20231111 20:32:23.708"/>
</kw>
<status status="PASS" starttime="20231111 20:32:23.702" endtime="20231111 20:32:23.708"/>
</kw>
<kw name="Register Page Should Be Open" library="resource">
<kw name="Title Should Be" library="SeleniumLibrary">
<arg>Register</arg>
<doc>Verifies that the current page title equals ``title``.</doc>
<msg timestamp="20231111 20:32:23.710" level="INFO">Page title is 'Register'.</msg>
<status status="PASS" starttime="20231111 20:32:23.708" endtime="20231111 20:32:23.710"/>
</kw>
<status status="PASS" starttime="20231111 20:32:23.708" endtime="20231111 20:32:23.710"/>
</kw>
<status status="PASS" starttime="20231111 20:32:23.698" endtime="20231111 20:32:23.710"/>
</kw>
<kw name="Set Username">
<arg>kayttaja</arg>
<kw name="Input Text" library="SeleniumLibrary">
<arg>username</arg>
<arg>${username}</arg>
<doc>Types the given ``text`` into the text field identified by ``locator``.</doc>
<msg timestamp="20231111 20:32:23.710" level="INFO">Typing text 'kayttaja' into text field 'username'.</msg>
<status status="PASS" starttime="20231111 20:32:23.710" endtime="20231111 20:32:23.741"/>
</kw>
<status status="PASS" starttime="20231111 20:32:23.710" endtime="20231111 20:32:23.741"/>
</kw>
<kw name="Set Password">
<arg>salasana</arg>
<kw name="Input Password" library="SeleniumLibrary">
<arg>password</arg>
<arg>${password}</arg>
<doc>Types the given password into the text field identified by ``locator``.</doc>
<msg timestamp="20231111 20:32:23.742" level="INFO">Typing password into text field 'password'.</msg>
<msg timestamp="20231111 20:32:23.756" level="INFO">Temporally setting log level to: NONE</msg>
<msg timestamp="20231111 20:32:23.774" level="INFO">Log level changed from NONE to INFO.</msg>
<status status="PASS" starttime="20231111 20:32:23.741" endtime="20231111 20:32:23.774"/>
</kw>
<status status="PASS" starttime="20231111 20:32:23.741" endtime="20231111 20:32:23.774"/>
</kw>
<kw name="Set Password Confirmation">
<arg>salasana</arg>
<kw name="Input Password" library="SeleniumLibrary">
<arg>password_confirmation</arg>
<arg>${password_confirmation}</arg>
<doc>Types the given password into the text field identified by ``locator``.</doc>
<msg timestamp="20231111 20:32:23.774" level="INFO">Typing password into text field 'password_confirmation'.</msg>
<msg timestamp="20231111 20:32:23.787" level="INFO">Temporally setting log level to: NONE</msg>
<msg timestamp="20231111 20:32:23.806" level="INFO">Log level changed from NONE to INFO.</msg>
<status status="PASS" starttime="20231111 20:32:23.774" endtime="20231111 20:32:23.806"/>
</kw>
<status status="PASS" starttime="20231111 20:32:23.774" endtime="20231111 20:32:23.806"/>
</kw>
<kw name="Submit Credentials">
<kw name="Click Button" library="SeleniumLibrary">
<arg>Register</arg>
<doc>Clicks the button identified by ``locator``.</doc>
<msg timestamp="20231111 20:32:23.806" level="INFO">Clicking button 'Register'.</msg>
<status status="PASS" starttime="20231111 20:32:23.806" endtime="20231111 20:32:23.831"/>
</kw>
<status status="PASS" starttime="20231111 20:32:23.806" endtime="20231111 20:32:23.831"/>
</kw>
<kw name="Register Should Fail With Message">
<arg>Password must have numbers or special characters</arg>
<kw name="Register Page Should Be Open" library="resource">
<kw name="Title Should Be" library="SeleniumLibrary">
<arg>Register</arg>
<doc>Verifies that the current page title equals ``title``.</doc>
<msg timestamp="20231111 20:32:23.833" level="INFO">Page title is 'Register'.</msg>
<status status="PASS" starttime="20231111 20:32:23.832" endtime="20231111 20:32:23.833"/>
</kw>
<status status="PASS" starttime="20231111 20:32:23.831" endtime="20231111 20:32:23.833"/>
</kw>
<kw name="Page Should Contain" library="SeleniumLibrary">
<arg>${message}</arg>
<doc>Verifies that current page contains ``text``.</doc>
<msg timestamp="20231111 20:32:23.839" level="INFO">Current page contains text 'Password must have numbers or special characters'.</msg>
<status status="PASS" starttime="20231111 20:32:23.833" endtime="20231111 20:32:23.839"/>
</kw>
<status status="PASS" starttime="20231111 20:32:23.831" endtime="20231111 20:32:23.839"/>
</kw>
<status status="PASS" starttime="20231111 20:32:23.698" endtime="20231111 20:32:23.839"/>
</test>
<test id="s1-s3-t4" name="Register With Nonmatching Password And Password Confirmation" line="29">
<kw name="Reset Application And Go To Register Page" type="SETUP">
<kw name="Reset Application" library="AppLibrary">
<status status="PASS" starttime="20231111 20:32:23.840" endtime="20231111 20:32:23.843"/>
</kw>
<kw name="Go To Register Page" library="resource">
<kw name="Go To" library="SeleniumLibrary">
<arg>${REGISTER_URL}</arg>
<doc>Navigates the current browser window to the provided ``url``.</doc>
<msg timestamp="20231111 20:32:23.844" level="INFO">Opening url 'http://localhost:5001/register'</msg>
<status status="PASS" starttime="20231111 20:32:23.844" endtime="20231111 20:32:23.850"/>
</kw>
<status status="PASS" starttime="20231111 20:32:23.844" endtime="20231111 20:32:23.850"/>
</kw>
<kw name="Register Page Should Be Open" library="resource">
<kw name="Title Should Be" library="SeleniumLibrary">
<arg>Register</arg>
<doc>Verifies that the current page title equals ``title``.</doc>
<msg timestamp="20231111 20:32:23.852" level="INFO">Page title is 'Register'.</msg>
<status status="PASS" starttime="20231111 20:32:23.850" endtime="20231111 20:32:23.852"/>
</kw>
<status status="PASS" starttime="20231111 20:32:23.850" endtime="20231111 20:32:23.852"/>
</kw>
<status status="PASS" starttime="20231111 20:32:23.840" endtime="20231111 20:32:23.852"/>
</kw>
<kw name="Set Username">
<arg>kalle</arg>
<kw name="Input Text" library="SeleniumLibrary">
<arg>username</arg>
<arg>${username}</arg>
<doc>Types the given ``text`` into the text field identified by ``locator``.</doc>
<msg timestamp="20231111 20:32:23.852" level="INFO">Typing text 'kalle' into text field 'username'.</msg>
<status status="PASS" starttime="20231111 20:32:23.852" endtime="20231111 20:32:23.881"/>
</kw>
<status status="PASS" starttime="20231111 20:32:23.852" endtime="20231111 20:32:23.881"/>
</kw>
<kw name="Set Password">
<arg>kalle123</arg>
<kw name="Input Password" library="SeleniumLibrary">
<arg>password</arg>
<arg>${password}</arg>
<doc>Types the given password into the text field identified by ``locator``.</doc>
<msg timestamp="20231111 20:32:23.882" level="INFO">Typing password into text field 'password'.</msg>
<msg timestamp="20231111 20:32:23.895" level="INFO">Temporally setting log level to: NONE</msg>
<msg timestamp="20231111 20:32:23.912" level="INFO">Log level changed from NONE to INFO.</msg>
<status status="PASS" starttime="20231111 20:32:23.881" endtime="20231111 20:32:23.912"/>
</kw>
<status status="PASS" starttime="20231111 20:32:23.881" endtime="20231111 20:32:23.912"/>
</kw>
<kw name="Set Password Confirmation">
<arg>kalle124</arg>
<kw name="Input Password" library="SeleniumLibrary">
<arg>password_confirmation</arg>
<arg>${password_confirmation}</arg>
<doc>Types the given password into the text field identified by ``locator``.</doc>
<msg timestamp="20231111 20:32:23.912" level="INFO">Typing password into text field 'password_confirmation'.</msg>
<msg timestamp="20231111 20:32:23.925" level="INFO">Temporally setting log level to: NONE</msg>
<msg timestamp="20231111 20:32:23.942" level="INFO">Log level changed from NONE to INFO.</msg>
<status status="PASS" starttime="20231111 20:32:23.912" endtime="20231111 20:32:23.942"/>
</kw>
<status status="PASS" starttime="20231111 20:32:23.912" endtime="20231111 20:32:23.942"/>
</kw>
<kw name="Submit Credentials">
<kw name="Click Button" library="SeleniumLibrary">
<arg>Register</arg>
<doc>Clicks the button identified by ``locator``.</doc>
<msg timestamp="20231111 20:32:23.942" level="INFO">Clicking button 'Register'.</msg>
<status status="PASS" starttime="20231111 20:32:23.942" endtime="20231111 20:32:23.967"/>
</kw>
<status status="PASS" starttime="20231111 20:32:23.942" endtime="20231111 20:32:23.967"/>
</kw>
<kw name="Register Should Fail With Message">
<arg>Entered passwords do not match</arg>
<kw name="Register Page Should Be Open" library="resource">
<kw name="Title Should Be" library="SeleniumLibrary">
<arg>Register</arg>
<doc>Verifies that the current page title equals ``title``.</doc>
<msg timestamp="20231111 20:32:23.969" level="INFO">Page title is 'Register'.</msg>
<status status="PASS" starttime="20231111 20:32:23.967" endtime="20231111 20:32:23.969"/>
</kw>
<status status="PASS" starttime="20231111 20:32:23.967" endtime="20231111 20:32:23.969"/>
</kw>
<kw name="Page Should Contain" library="SeleniumLibrary">
<arg>${message}</arg>
<doc>Verifies that current page contains ``text``.</doc>
<msg timestamp="20231111 20:32:23.975" level="INFO">Current page contains text 'Entered passwords do not match'.</msg>
<status status="PASS" starttime="20231111 20:32:23.969" endtime="20231111 20:32:23.975"/>
</kw>
<status status="PASS" starttime="20231111 20:32:23.967" endtime="20231111 20:32:23.975"/>
</kw>
<status status="PASS" starttime="20231111 20:32:23.840" endtime="20231111 20:32:23.975"/>
</test>
<kw name="Close Browser" library="SeleniumLibrary" type="TEARDOWN">
<doc>Closes the current browser.</doc>
<status status="PASS" starttime="20231111 20:32:23.975" endtime="20231111 20:32:24.037"/>
</kw>
<status status="PASS" starttime="20231111 20:32:22.519" endtime="20231111 20:32:24.037"/>
</suite>
<status status="PASS" starttime="20231111 20:32:20.004" endtime="20231111 20:32:24.038"/>
</suite>
<statistics>
<total>
<stat pass="9" fail="0" skip="0">All Tests</stat>
</total>
<tag>
</tag>
<suite>
<stat pass="9" fail="0" skip="0" id="s1" name="Tests">Tests</stat>
<stat pass="2" fail="0" skip="0" id="s1-s1" name="Home">Tests.Home</stat>
<stat pass="3" fail="0" skip="0" id="s1-s2" name="Login">Tests.Login</stat>
<stat pass="4" fail="0" skip="0" id="s1-s3" name="Register">Tests.Register</stat>
</suite>
</statistics>
<errors>
</errors>
</robot>
